#
# There is insufficient memory for the Java Runtime Environment to continue.
# Native memory allocation (malloc) failed to allocate 1981616 bytes for Chunk::new
# Possible reasons:
#   The system is out of physical RAM or swap space
#   The process is running with CompressedOops enabled, and the Java Heap may be blocking the growth of the native heap
# Possible solutions:
#   Reduce memory load on the system
#   Increase physical memory or swap space
#   Check if swap backing store is full
#   Decrease Java heap size (-Xmx/-Xms)
#   Decrease number of Java threads
#   Decrease Java thread stack sizes (-Xss)
#   Set larger code cache with -XX:ReservedCodeCacheSize=
#   JVM is running with Unscaled Compressed Oops mode in which the Java heap is
#     placed in the first 4GB address space. The Java Heap base address is the
#     maximum limit for the native heap growth. Please use -XX:HeapBaseMinAddress
#     to set the Java Heap base and to place the Java Heap above 4GB virtual address.
# This output file may be truncated or incomplete.
#
#  Out of Memory Error (arena.cpp:189), pid=22572, tid=18660
#
# JRE version: Java(TM) SE Runtime Environment (17.0.9+11) (build 17.0.9+11-LTS-201)
# Java VM: Java HotSpot(TM) 64-Bit Server VM (17.0.9+11-LTS-201, mixed mode, sharing, tiered, compressed oops, compressed class ptrs, g1 gc, windows-amd64)
# No core dump will be written. Minidumps are not enabled by default on client versions of Windows
#

---------------  S U M M A R Y ------------

Command Line: -XX:MaxMetaspaceSize=512m --add-opens=java.base/java.util=ALL-UNNAMED --add-opens=java.base/java.lang=ALL-UNNAMED --add-opens=java.base/java.lang.invoke=ALL-UNNAMED --add-opens=java.prefs/java.util.prefs=ALL-UNNAMED --add-opens=java.base/java.nio.charset=ALL-UNNAMED --add-opens=java.base/java.net=ALL-UNNAMED --add-opens=java.base/java.util.concurrent.atomic=ALL-UNNAMED -Xmx2048m -Dfile.encoding=utf8 -Duser.country=VN -Duser.language=vi -Duser.variant -javaagent:C:\Users\Nghiem\.gradle\wrapper\dists\gradle-8.3-all\6en3ugtfdg5xnpx44z4qbwgas\gradle-8.3\lib\agents\gradle-instrumentation-agent-8.3.jar org.gradle.launcher.daemon.bootstrap.GradleDaemon 8.3

Host: AMD Ryzen 5 5600H with Radeon Graphics         , 12 cores, 15G,  Windows 11 , 64 bit Build 22621 (10.0.22621.3350)
Time: Sun Mar 24 23:56:02 2024 SE Asia Standard Time elapsed time: 19.410727 seconds (0d 0h 0m 19s)

---------------  T H R E A D  ---------------

Current thread (0x00000215a066e440):  JavaThread "C2 CompilerThread0" daemon [_thread_in_native, id=18660, stack(0x00000092c0600000,0x00000092c0700000)]


Current CompileTask:
C2:  19413 9117       4       org.gradle.internal.service.DefaultServiceRegistry$SingletonService::get (5 bytes)

Stack: [0x00000092c0600000,0x00000092c0700000]
Native frames: (J=compiled Java code, j=interpreted, Vv=VM code, C=native code)
V  [jvm.dll+0x678a4a]
V  [jvm.dll+0x7d9cfd]
V  [jvm.dll+0x7db60e]
V  [jvm.dll+0x7dbc73]
V  [jvm.dll+0x245e1f]
V  [jvm.dll+0xaaafb]
V  [jvm.dll+0xab09c]
V  [jvm.dll+0x36232f]
V  [jvm.dll+0x32ca01]
V  [jvm.dll+0x32be9a]
V  [jvm.dll+0x21812f]
V  [jvm.dll+0x217561]
V  [jvm.dll+0x1a3bc0]
V  [jvm.dll+0x2272de]
V  [jvm.dll+0x22548b]
V  [jvm.dll+0x78f58c]
V  [jvm.dll+0x78998a]
V  [jvm.dll+0x677875]
C  [ucrtbase.dll+0x29363]
C  [KERNEL32.DLL+0x1257d]
C  [ntdll.dll+0x5aa58]


---------------  P R O C E S S  ---------------

Threads class SMR info:
_java_thread_list=0x00000215c4ed6200, length=115, elements={
0x0000021581fe2200, 0x00000215a0651dc0, 0x00000215a0652c40, 0x00000215a0669340,
0x00000215a0669f00, 0x00000215a066c8d0, 0x00000215a066d290, 0x00000215a066e440,
0x00000215a07c8490, 0x00000215a07ce3a0, 0x00000215a063d380, 0x00000215a0a30940,
0x00000215c14bc020, 0x00000215c1b3e6e0, 0x00000215c1574300, 0x00000215c1487bb0,
0x00000215c1534960, 0x00000215c15ca7e0, 0x00000215c15cb200, 0x00000215c15cacf0,
0x00000215c15c98b0, 0x00000215c15c9dc0, 0x00000215c15ca2d0, 0x00000215c1c4a820,
0x00000215c1c48ed0, 0x00000215c1c46650, 0x00000215c1c46140, 0x00000215c1c4a310,
0x00000215c1c47a90, 0x00000215c1c45720, 0x00000215c1c44d00, 0x00000215c1c4bc60,
0x00000215c1c493e0, 0x00000215c1c45c30, 0x00000215c1c498f0, 0x00000215c1c4c680,
0x00000215c1c46b60, 0x00000215c1c47070, 0x00000215c1c489c0, 0x00000215c1c45210,
0x00000215c1c4c170, 0x00000215c1c47580, 0x00000215c1c47fa0, 0x00000215c1c49e00,
0x00000215c25e9e90, 0x00000215c25ec200, 0x00000215c25ec710, 0x00000215c25ecc20,
0x00000215c25ea8b0, 0x00000215c25eadc0, 0x00000215c25ea3a0, 0x00000215c25eb7e0,
0x00000215c25ed640, 0x00000215c25ebcf0, 0x00000215c25ed130, 0x00000215c391a740,
0x00000215c39179b0, 0x00000215c391ac50, 0x00000215c3917ec0, 0x00000215c391a230,
0x00000215c391cfc0, 0x00000215c391b160, 0x00000215c391b670, 0x00000215c3918df0,
0x00000215c3916f90, 0x00000215c391c090, 0x00000215c391c5a0, 0x00000215c3916060,
0x00000215c39183d0, 0x00000215c3919d20, 0x00000215c391d9e0, 0x00000215c3916570,
0x00000215c391cab0, 0x00000215c391d4d0, 0x00000215c3916a80, 0x00000215c39174a0,
0x00000215c39188e0, 0x00000215c217e010, 0x00000215c3919300, 0x00000215c3919810,
0x00000215c2f782f0, 0x00000215c2f76490, 0x00000215c2f74120, 0x00000215c2f74630,
0x00000215c2f73700, 0x00000215c2f773c0, 0x00000215c2f75f80, 0x00000215c2f769a0,
0x00000215c2f73c10, 0x00000215c2f74b40, 0x00000215c2f75560, 0x00000215c2f75050,
0x00000215c2f77de0, 0x00000215c2f75a70, 0x00000215c2f7a660, 0x00000215c2f778d0,
0x00000215c2f78800, 0x00000215c2f78d10, 0x00000215c2f79220, 0x00000215c2f79730,
0x00000215c2f731f0, 0x00000215c2f79c40, 0x00000215c2f7a150, 0x00000215c2f7ab70,
0x00000215c2f5f080, 0x00000215c2f66a00, 0x00000215c2f63760, 0x00000215c2f609d0,
0x00000215c2f61e10, 0x00000215c2f604c0, 0x00000215c2f65ad0, 0x00000215c2f62d40,
0x00000215c2f65fe0, 0x00000215c2f664f0, 0x00000215c2f5f590
}

Java Threads: ( => current thread )
  0x0000021581fe2200 JavaThread "main" [_thread_blocked, id=12196, stack(0x00000092bf900000,0x00000092bfa00000)]
  0x00000215a0651dc0 JavaThread "Reference Handler" daemon [_thread_blocked, id=23120, stack(0x00000092c0000000,0x00000092c0100000)]
  0x00000215a0652c40 JavaThread "Finalizer" daemon [_thread_blocked, id=26004, stack(0x00000092c0100000,0x00000092c0200000)]
  0x00000215a0669340 JavaThread "Signal Dispatcher" daemon [_thread_blocked, id=29732, stack(0x00000092c0200000,0x00000092c0300000)]
  0x00000215a0669f00 JavaThread "Attach Listener" daemon [_thread_blocked, id=35276, stack(0x00000092c0300000,0x00000092c0400000)]
  0x00000215a066c8d0 JavaThread "Service Thread" daemon [_thread_blocked, id=12192, stack(0x00000092c0400000,0x00000092c0500000)]
  0x00000215a066d290 JavaThread "Monitor Deflation Thread" daemon [_thread_blocked, id=20068, stack(0x00000092c0500000,0x00000092c0600000)]
=>0x00000215a066e440 JavaThread "C2 CompilerThread0" daemon [_thread_in_native, id=18660, stack(0x00000092c0600000,0x00000092c0700000)]
  0x00000215a07c8490 JavaThread "C1 CompilerThread0" daemon [_thread_blocked, id=28604, stack(0x00000092c0700000,0x00000092c0800000)]
  0x00000215a07ce3a0 JavaThread "Sweeper thread" daemon [_thread_blocked, id=11984, stack(0x00000092c0800000,0x00000092c0900000)]
  0x00000215a063d380 JavaThread "Common-Cleaner" daemon [_thread_blocked, id=8216, stack(0x00000092c0900000,0x00000092c0a00000)]
  0x00000215a0a30940 JavaThread "Notification Thread" daemon [_thread_blocked, id=32388, stack(0x00000092c0a00000,0x00000092c0b00000)]
  0x00000215c14bc020 JavaThread "Daemon health stats" [_thread_blocked, id=24700, stack(0x00000092c1000000,0x00000092c1100000)]
  0x00000215c1b3e6e0 JavaThread "Incoming local TCP Connector on port 55703" [_thread_in_native, id=18096, stack(0x00000092c1200000,0x00000092c1300000)]
  0x00000215c1574300 JavaThread "Daemon periodic checks" [_thread_blocked, id=4216, stack(0x00000092c1300000,0x00000092c1400000)]
  0x00000215c1487bb0 JavaThread "Daemon" [_thread_blocked, id=25748, stack(0x00000092c1400000,0x00000092c1500000)]
  0x00000215c1534960 JavaThread "Handler for socket connection from /127.0.0.1:55703 to /127.0.0.1:55704" [_thread_in_native, id=868, stack(0x00000092c1500000,0x00000092c1600000)]
  0x00000215c15ca7e0 JavaThread "Cancel handler" [_thread_blocked, id=23200, stack(0x00000092c1600000,0x00000092c1700000)]
  0x00000215c15cb200 JavaThread "Daemon worker" [_thread_blocked, id=21576, stack(0x00000092c1700000,0x00000092c1800000)]
  0x00000215c15cacf0 JavaThread "Asynchronous log dispatcher for DefaultDaemonConnection: socket connection from /127.0.0.1:55703 to /127.0.0.1:55704" [_thread_blocked, id=27592, stack(0x00000092c1800000,0x00000092c1900000)]
  0x00000215c15c98b0 JavaThread "Stdin handler" [_thread_blocked, id=1240, stack(0x00000092c1900000,0x00000092c1a00000)]
  0x00000215c15c9dc0 JavaThread "Daemon client event forwarder" [_thread_blocked, id=33448, stack(0x00000092c1a00000,0x00000092c1b00000)]
  0x00000215c15ca2d0 JavaThread "Cache worker for journal cache (C:\Users\Nghiem\.gradle\caches\journal-1)" [_thread_blocked, id=16256, stack(0x00000092c1b00000,0x00000092c1c00000)]
  0x00000215c1c4a820 JavaThread "File lock request listener" [_thread_in_native, id=19192, stack(0x00000092c1c00000,0x00000092c1d00000)]
  0x00000215c1c48ed0 JavaThread "Cache worker for file hash cache (C:\Users\Nghiem\.gradle\caches\8.3\fileHashes)" [_thread_blocked, id=19348, stack(0x00000092c1100000,0x00000092c1200000)]
  0x00000215c1c46650 JavaThread "File watcher server" daemon [_thread_in_native, id=24804, stack(0x00000092c1e00000,0x00000092c1f00000)]
  0x00000215c1c46140 JavaThread "File watcher consumer" daemon [_thread_blocked, id=24612, stack(0x00000092c1f00000,0x00000092c2000000)]
  0x00000215c1c4a310 JavaThread "Cache worker for checksums cache (D:\ReactNative\TrainingApp\Mobile\android\.gradle\8.3\checksums)" [_thread_blocked, id=15128, stack(0x00000092c2000000,0x00000092c2100000)]
  0x00000215c1c47a90 JavaThread "Cache worker for file hash cache (D:\ReactNative\TrainingApp\Mobile\android\.gradle\8.3\fileHashes)" [_thread_blocked, id=32472, stack(0x00000092c2800000,0x00000092c2900000)]
  0x00000215c1c45720 JavaThread "Cache worker for cache directory md-supplier (C:\Users\Nghiem\.gradle\caches\8.3\md-supplier)" [_thread_blocked, id=6708, stack(0x00000092c2900000,0x00000092c2a00000)]
  0x00000215c1c44d00 JavaThread "Cache worker for file content cache (C:\Users\Nghiem\.gradle\caches\8.3\fileContent)" [_thread_blocked, id=35540, stack(0x00000092c2a00000,0x00000092c2b00000)]
  0x00000215c1c4bc60 JavaThread "Cache worker for cache directory md-rule (C:\Users\Nghiem\.gradle\caches\8.3\md-rule)" [_thread_blocked, id=31960, stack(0x00000092c1d00000,0x00000092c1e00000)]
  0x00000215c1c493e0 JavaThread "Cache worker for execution history cache (C:\Users\Nghiem\.gradle\caches\8.3\executionHistory)" [_thread_blocked, id=35220, stack(0x00000092c2b00000,0x00000092c2c00000)]
  0x00000215c1c45c30 JavaThread "jar transforms" [_thread_blocked, id=30328, stack(0x00000092c2d00000,0x00000092c2e00000)]
  0x00000215c1c498f0 JavaThread "jar transforms Thread 2" [_thread_blocked, id=27600, stack(0x00000092c2e00000,0x00000092c2f00000)]
  0x00000215c1c4c680 JavaThread "jar transforms Thread 3" [_thread_blocked, id=30788, stack(0x00000092c3000000,0x00000092c3100000)]
  0x00000215c1c46b60 JavaThread "jar transforms Thread 4" [_thread_blocked, id=728, stack(0x00000092c3100000,0x00000092c3200000)]
  0x00000215c1c47070 JavaThread "jar transforms Thread 5" [_thread_blocked, id=8152, stack(0x00000092c3200000,0x00000092c3300000)]
  0x00000215c1c489c0 JavaThread "jar transforms Thread 6" [_thread_blocked, id=32036, stack(0x00000092c3300000,0x00000092c3400000)]
  0x00000215c1c45210 JavaThread "Cache worker for kotlin-dsl (C:\Users\Nghiem\.gradle\caches\8.3\kotlin-dsl)" [_thread_blocked, id=33564, stack(0x00000092c3400000,0x00000092c3500000)]
  0x00000215c1c4c170 JavaThread "jar transforms Thread 7" [_thread_blocked, id=26232, stack(0x00000092c3500000,0x00000092c3600000)]
  0x00000215c1c47580 JavaThread "jar transforms Thread 8" [_thread_blocked, id=20912, stack(0x00000092c3600000,0x00000092c3700000)]
  0x00000215c1c47fa0 JavaThread "Unconstrained build operations" [_thread_blocked, id=22024, stack(0x00000092c3700000,0x00000092c3800000)]
  0x00000215c1c49e00 JavaThread "Unconstrained build operations Thread 2" [_thread_blocked, id=34152, stack(0x00000092c3800000,0x00000092c3900000)]
  0x00000215c25e9e90 JavaThread "jar transforms Thread 9" [_thread_blocked, id=35084, stack(0x00000092c3900000,0x00000092c3a00000)]
  0x00000215c25ec200 JavaThread "jar transforms Thread 10" [_thread_blocked, id=8432, stack(0x00000092c3a00000,0x00000092c3b00000)]
  0x00000215c25ec710 JavaThread "jar transforms Thread 11" [_thread_blocked, id=2692, stack(0x00000092c3b00000,0x00000092c3c00000)]
  0x00000215c25ecc20 JavaThread "jar transforms Thread 12" [_thread_blocked, id=4632, stack(0x00000092c3c00000,0x00000092c3d00000)]
  0x00000215c25ea8b0 JavaThread "Cache worker for dependencies-accessors (D:\ReactNative\TrainingApp\Mobile\android\.gradle\8.3\dependencies-accessors)" [_thread_blocked, id=34352, stack(0x00000092c3d00000,0x00000092c3e00000)]
  0x00000215c25eadc0 JavaThread "Cache worker for Build Output Cleanup Cache (D:\ReactNative\TrainingApp\Mobile\node_modules\@react-native\gradle-plugin\.gradle\buildOutputCleanup)" [_thread_blocked, id=26076, stack(0x00000092c3e00000,0x00000092c3f00000)]
  0x00000215c25ea3a0 JavaThread "Unconstrained build operations Thread 3" [_thread_blocked, id=31224, stack(0x00000092c3f00000,0x00000092c4000000)]
  0x00000215c25eb7e0 JavaThread "Unconstrained build operations Thread 4" [_thread_blocked, id=15756, stack(0x00000092c4000000,0x00000092c4100000)]
  0x00000215c25ed640 JavaThread "Unconstrained build operations Thread 5" [_thread_blocked, id=21436, stack(0x00000092c4100000,0x00000092c4200000)]
  0x00000215c25ebcf0 JavaThread "Unconstrained build operations Thread 6" [_thread_blocked, id=34388, stack(0x00000092c4200000,0x00000092c4300000)]
  0x00000215c25ed130 JavaThread "Unconstrained build operations Thread 7" [_thread_blocked, id=19100, stack(0x00000092c4300000,0x00000092c4400000)]
  0x00000215c391a740 JavaThread "Unconstrained build operations Thread 8" [_thread_blocked, id=20596, stack(0x00000092c4400000,0x00000092c4500000)]
  0x00000215c39179b0 JavaThread "Unconstrained build operations Thread 9" [_thread_blocked, id=4116, stack(0x00000092c4500000,0x00000092c4600000)]
  0x00000215c391ac50 JavaThread "Unconstrained build operations Thread 10" [_thread_blocked, id=9408, stack(0x00000092c4600000,0x00000092c4700000)]
  0x00000215c3917ec0 JavaThread "Unconstrained build operations Thread 11" [_thread_blocked, id=19620, stack(0x00000092c4700000,0x00000092c4800000)]
  0x00000215c391a230 JavaThread "Unconstrained build operations Thread 12" [_thread_blocked, id=2648, stack(0x00000092c4800000,0x00000092c4900000)]
  0x00000215c391cfc0 JavaThread "Unconstrained build operations Thread 13" [_thread_blocked, id=33352, stack(0x00000092c4900000,0x00000092c4a00000)]
  0x00000215c391b160 JavaThread "Memory manager" [_thread_blocked, id=33248, stack(0x00000092c4a00000,0x00000092c4b00000)]
  0x00000215c391b670 JavaThread "Cache worker for Build Output Cleanup Cache (D:\ReactNative\TrainingApp\Mobile\android\.gradle\buildOutputCleanup)" [_thread_blocked, id=2136, stack(0x00000092c4b00000,0x00000092c4c00000)]
  0x00000215c3918df0 JavaThread "ForkJoinPool.commonPool-worker-1" daemon [_thread_blocked, id=11708, stack(0x00000092c4c00000,0x00000092c4d00000)]
  0x00000215c3916f90 JavaThread "ForkJoinPool.commonPool-worker-2" daemon [_thread_blocked, id=30132, stack(0x00000092c4d00000,0x00000092c4e00000)]
  0x00000215c391c090 JavaThread "ForkJoinPool.commonPool-worker-3" daemon [_thread_blocked, id=24844, stack(0x00000092c4e00000,0x00000092c4f00000)]
  0x00000215c391c5a0 JavaThread "ForkJoinPool.commonPool-worker-4" daemon [_thread_blocked, id=35588, stack(0x00000092c4f00000,0x00000092c5000000)]
  0x00000215c3916060 JavaThread "ForkJoinPool.commonPool-worker-5" daemon [_thread_blocked, id=9108, stack(0x00000092c5000000,0x00000092c5100000)]
  0x00000215c39183d0 JavaThread "ForkJoinPool.commonPool-worker-6" daemon [_thread_blocked, id=8908, stack(0x00000092c5100000,0x00000092c5200000)]
  0x00000215c3919d20 JavaThread "ForkJoinPool.commonPool-worker-7" daemon [_thread_blocked, id=18540, stack(0x00000092c5200000,0x00000092c5300000)]
  0x00000215c391d9e0 JavaThread "ForkJoinPool.commonPool-worker-8" daemon [_thread_blocked, id=26032, stack(0x00000092c5300000,0x00000092c5400000)]
  0x00000215c3916570 JavaThread "ForkJoinPool.commonPool-worker-9" daemon [_thread_blocked, id=31192, stack(0x00000092c5400000,0x00000092c5500000)]
  0x00000215c391cab0 JavaThread "ForkJoinPool.commonPool-worker-10" daemon [_thread_blocked, id=17864, stack(0x00000092c5500000,0x00000092c5600000)]
  0x00000215c391d4d0 JavaThread "ForkJoinPool.commonPool-worker-11" daemon [_thread_blocked, id=23192, stack(0x00000092c5600000,0x00000092c5700000)]
  0x00000215c3916a80 JavaThread "Exec process" [_thread_blocked, id=15328, stack(0x00000092c5700000,0x00000092c5800000)]
  0x00000215c39174a0 JavaThread "Exec process Thread 2" [_thread_blocked, id=21864, stack(0x00000092c5800000,0x00000092c5900000)]
  0x00000215c39188e0 JavaThread "Exec process Thread 3" [_thread_blocked, id=19616, stack(0x00000092c5900000,0x00000092c5a00000)]
  0x00000215c217e010 JavaThread "C2 CompilerThread1" daemon [_thread_in_native, id=31724, stack(0x00000092c2c00000,0x00000092c2d00000)]
  0x00000215c3919300 JavaThread "included builds" [_thread_blocked, id=21120, stack(0x00000092c5a00000,0x00000092c5b00000)]
  0x00000215c3919810 JavaThread "Execution worker" [_thread_blocked, id=25384, stack(0x00000092c5b00000,0x00000092c5c00000)]
  0x00000215c2f782f0 JavaThread "Execution worker Thread 2" [_thread_blocked, id=32368, stack(0x00000092c5c00000,0x00000092c5d00000)]
  0x00000215c2f76490 JavaThread "Execution worker Thread 3" [_thread_blocked, id=792, stack(0x00000092c5d00000,0x00000092c5e00000)]
  0x00000215c2f74120 JavaThread "Execution worker Thread 4" [_thread_blocked, id=29292, stack(0x00000092c5e00000,0x00000092c5f00000)]
  0x00000215c2f74630 JavaThread "Execution worker Thread 5" [_thread_blocked, id=28116, stack(0x00000092c5f00000,0x00000092c6000000)]
  0x00000215c2f73700 JavaThread "Execution worker Thread 6" [_thread_blocked, id=9188, stack(0x00000092c6000000,0x00000092c6100000)]
  0x00000215c2f773c0 JavaThread "Execution worker Thread 7" [_thread_blocked, id=20204, stack(0x00000092c6100000,0x00000092c6200000)]
  0x00000215c2f75f80 JavaThread "Execution worker Thread 8" [_thread_blocked, id=35708, stack(0x00000092c6200000,0x00000092c6300000)]
  0x00000215c2f769a0 JavaThread "Execution worker Thread 9" [_thread_blocked, id=21456, stack(0x00000092c6300000,0x00000092c6400000)]
  0x00000215c2f73c10 JavaThread "Execution worker Thread 10" [_thread_blocked, id=17980, stack(0x00000092c6400000,0x00000092c6500000)]
  0x00000215c2f74b40 JavaThread "Execution worker Thread 11" [_thread_blocked, id=34552, stack(0x00000092c6500000,0x00000092c6600000)]
  0x00000215c2f75560 JavaThread "Cache worker for execution history cache (D:\ReactNative\TrainingApp\Mobile\node_modules\@react-native\gradle-plugin\.gradle\8.3\executionHistory)" [_thread_blocked, id=9116, stack(0x00000092c6600000,0x00000092c6700000)]
  0x00000215c2f75050 JavaThread "Unconstrained build operations Thread 14" [_thread_blocked, id=28880, stack(0x00000092c6700000,0x00000092c6800000)]
  0x00000215c2f77de0 JavaThread "Unconstrained build operations Thread 15" [_thread_blocked, id=35404, stack(0x00000092c6800000,0x00000092c6900000)]
  0x00000215c2f75a70 JavaThread "Unconstrained build operations Thread 16" [_thread_blocked, id=27900, stack(0x00000092c6900000,0x00000092c6a00000)]
  0x00000215c2f7a660 JavaThread "Unconstrained build operations Thread 17" [_thread_blocked, id=3844, stack(0x00000092c6a00000,0x00000092c6b00000)]
  0x00000215c2f778d0 JavaThread "Unconstrained build operations Thread 18" [_thread_blocked, id=34044, stack(0x00000092c6b00000,0x00000092c6c00000)]
  0x00000215c2f78800 JavaThread "Unconstrained build operations Thread 19" [_thread_blocked, id=6088, stack(0x00000092c6c00000,0x00000092c6d00000)]
  0x00000215c2f78d10 JavaThread "Unconstrained build operations Thread 20" [_thread_blocked, id=35320, stack(0x00000092c6d00000,0x00000092c6e00000)]
  0x00000215c2f79220 JavaThread "Unconstrained build operations Thread 21" [_thread_blocked, id=18296, stack(0x00000092c6e00000,0x00000092c6f00000)]
  0x00000215c2f79730 JavaThread "Unconstrained build operations Thread 22" [_thread_blocked, id=35572, stack(0x00000092c6f00000,0x00000092c7000000)]
  0x00000215c2f731f0 JavaThread "Unconstrained build operations Thread 23" [_thread_blocked, id=3440, stack(0x00000092c7000000,0x00000092c7100000)]
  0x00000215c2f79c40 JavaThread "Unconstrained build operations Thread 24" [_thread_blocked, id=28052, stack(0x00000092c7100000,0x00000092c7200000)]
  0x00000215c2f7a150 JavaThread "Unconstrained build operations Thread 25" [_thread_blocked, id=27204, stack(0x00000092c7200000,0x00000092c7300000)]
  0x00000215c2f7ab70 JavaThread "Unconstrained build operations Thread 26" [_thread_blocked, id=34576, stack(0x00000092c7300000,0x00000092c7400000)]
  0x00000215c2f5f080 JavaThread "Unconstrained build operations Thread 27" [_thread_blocked, id=14160, stack(0x00000092c7400000,0x00000092c7500000)]
  0x00000215c2f66a00 JavaThread "Unconstrained build operations Thread 28" [_thread_blocked, id=32576, stack(0x00000092c7500000,0x00000092c7600000)]
  0x00000215c2f63760 JavaThread "Unconstrained build operations Thread 29" [_thread_blocked, id=23988, stack(0x00000092c7600000,0x00000092c7700000)]
  0x00000215c2f609d0 JavaThread "Unconstrained build operations Thread 30" [_thread_blocked, id=24796, stack(0x00000092c7700000,0x00000092c7800000)]
  0x00000215c2f61e10 JavaThread "Unconstrained build operations Thread 31" [_thread_blocked, id=17384, stack(0x00000092c7800000,0x00000092c7900000)]
  0x00000215c2f604c0 JavaThread "Unconstrained build operations Thread 32" [_thread_blocked, id=24524, stack(0x00000092c7900000,0x00000092c7a00000)]
  0x00000215c2f65ad0 JavaThread "Unconstrained build operations Thread 33" [_thread_blocked, id=32664, stack(0x00000092c7a00000,0x00000092c7b00000)]
  0x00000215c2f62d40 JavaThread "Unconstrained build operations Thread 34" [_thread_blocked, id=29140, stack(0x00000092c7b00000,0x00000092c7c00000)]
  0x00000215c2f65fe0 JavaThread "Unconstrained build operations Thread 35" [_thread_blocked, id=32612, stack(0x00000092c7c00000,0x00000092c7d00000)]
  0x00000215c2f664f0 JavaThread "Unconstrained build operations Thread 36" [_thread_blocked, id=35508, stack(0x00000092c7d00000,0x00000092c7e00000)]
  0x00000215c2f5f590 JavaThread "Unconstrained build operations Thread 37" [_thread_blocked, id=18264, stack(0x00000092c7e00000,0x00000092c7f00000)]

Other Threads:
  0x00000215a064e1b0 VMThread "VM Thread" [stack: 0x00000092bff00000,0x00000092c0000000] [id=16896]
  0x00000215820596c0 WatcherThread [stack: 0x00000092c0b00000,0x00000092c0c00000] [id=26708]
  0x000002158203c3b0 GCTaskThread "GC Thread#0" [stack: 0x00000092bfa00000,0x00000092bfb00000] [id=34332]
  0x00000215c07fe920 GCTaskThread "GC Thread#1" [stack: 0x00000092c0c00000,0x00000092c0d00000] [id=23764]
  0x00000215c0962860 GCTaskThread "GC Thread#2" [stack: 0x00000092c0d00000,0x00000092c0e00000] [id=17832]
  0x00000215c07febe0 GCTaskThread "GC Thread#3" [stack: 0x00000092c0e00000,0x00000092c0f00000] [id=34360]
  0x00000215c07b8820 GCTaskThread "GC Thread#4" [stack: 0x00000092c0f00000,0x00000092c1000000] [id=35644]
  0x00000215c1569bf0 GCTaskThread "GC Thread#5" [stack: 0x00000092c2100000,0x00000092c2200000] [id=23000]
  0x00000215c1568070 GCTaskThread "GC Thread#6" [stack: 0x00000092c2200000,0x00000092c2300000] [id=32116]
  0x00000215c1568e30 GCTaskThread "GC Thread#7" [stack: 0x00000092c2300000,0x00000092c2400000] [id=20664]
  0x00000215c1568330 GCTaskThread "GC Thread#8" [stack: 0x00000092c2400000,0x00000092c2500000] [id=29520]
  0x00000215c15690f0 GCTaskThread "GC Thread#9" [stack: 0x00000092c2500000,0x00000092c2600000] [id=16596]
  0x000002158204d300 ConcurrentGCThread "G1 Main Marker" [stack: 0x00000092bfb00000,0x00000092bfc00000] [id=33876]
  0x000002158204e4b0 ConcurrentGCThread "G1 Conc#0" [stack: 0x00000092bfc00000,0x00000092bfd00000] [id=21420]
  0x00000215c15685f0 ConcurrentGCThread "G1 Conc#1" [stack: 0x00000092c2600000,0x00000092c2700000] [id=34512]
  0x00000215c15688b0 ConcurrentGCThread "G1 Conc#2" [stack: 0x00000092c2700000,0x00000092c2800000] [id=21664]
  0x000002158209df80 ConcurrentGCThread "G1 Refine#0" [stack: 0x00000092bfd00000,0x00000092bfe00000] [id=17252]
  0x00000215c1c25ec0 ConcurrentGCThread "G1 Refine#1" [stack: 0x00000092c2f00000,0x00000092c3000000] [id=32952]
  0x000002158209e9b0 ConcurrentGCThread "G1 Service" [stack: 0x00000092bfe00000,0x00000092bff00000] [id=28344]

Threads with active compile tasks:
C2 CompilerThread0    19463 9117       4       org.gradle.internal.service.DefaultServiceRegistry$SingletonService::get (5 bytes)
C2 CompilerThread1    19463 9118   !   4       org.gradle.internal.service.DefaultServiceRegistry$ManagedObjectServiceProvider::getInstance (47 bytes)

VM state: at safepoint (normal execution)

VM Mutex/Monitor currently owned by a thread:  ([mutex/lock_event])
[0x0000021581fdc2e0] Threads_lock - owner thread: 0x00000215a064e1b0
[0x0000021581fdcbe0] Heap_lock - owner thread: 0x000002158204d300

Heap address: 0x0000000080000000, size: 2048 MB, Compressed Oops mode: 32-bit

CDS archive(s) mapped at: [0x00000215a1000000-0x00000215a1bd0000-0x00000215a1bd0000), size 12386304, SharedBaseAddress: 0x00000215a1000000, ArchiveRelocationMode: 1.
Compressed class space mapped at: 0x00000215a2000000-0x00000215bc000000, reserved size: 436207616
Narrow klass base: 0x00000215a1000000, Narrow klass shift: 0, Narrow klass range: 0x100000000

GC Precious Log:
 CPUs: 12 total, 12 available
 Memory: 15724M
 Large Page Support: Disabled
 NUMA Support: Disabled
 Compressed Oops: Enabled (32-bit)
 Heap Region Size: 1M
 Heap Min Capacity: 8M
 Heap Initial Capacity: 246M
 Heap Max Capacity: 2G
 Pre-touch: Disabled
 Parallel Workers: 10
 Concurrent Workers: 3
 Concurrent Refinement Workers: 10
 Periodic GC: Disabled

Heap:
 garbage-first heap   total 137216K, used 81122K [0x0000000080000000, 0x0000000100000000)
  region size 1024K, 3 young (3072K), 1 survivors (1024K)
 Metaspace       used 69965K, committed 70720K, reserved 491520K
  class space    used 9866K, committed 10240K, reserved 425984K

Heap Regions: E=young(eden), S=young(survivor), O=old, HS=humongous(starts), HC=humongous(continues), CS=collection set, F=free, OA=open archive, CA=closed archive, TAMS=top-at-mark-start (previous, next)
|   0|0x0000000080000000, 0x0000000080100000, 0x0000000080100000|100%|HS|  |TAMS 0x0000000080100000, 0x0000000080000000| Complete 
|   1|0x0000000080100000, 0x0000000080200000, 0x0000000080200000|100%|HC|  |TAMS 0x0000000080200000, 0x0000000080100000| Complete 
|   2|0x0000000080200000, 0x0000000080300000, 0x0000000080300000|100%|HC|  |TAMS 0x0000000080300000, 0x0000000080200000| Complete 
|   3|0x0000000080300000, 0x0000000080400000, 0x0000000080400000|100%|HC|  |TAMS 0x0000000080400000, 0x0000000080300000| Complete 
|   4|0x0000000080400000, 0x0000000080500000, 0x0000000080500000|100%| O|  |TAMS 0x0000000080500000, 0x0000000080400000| Untracked 
|   5|0x0000000080500000, 0x0000000080600000, 0x0000000080600000|100%| O|  |TAMS 0x0000000080600000, 0x0000000080500000| Untracked 
|   6|0x0000000080600000, 0x0000000080700000, 0x0000000080700000|100%| O|  |TAMS 0x0000000080700000, 0x0000000080600000| Untracked 
|   7|0x0000000080700000, 0x0000000080800000, 0x0000000080800000|100%| O|  |TAMS 0x0000000080800000, 0x0000000080700000| Untracked 
|   8|0x0000000080800000, 0x0000000080900000, 0x0000000080900000|100%| O|  |TAMS 0x0000000080900000, 0x0000000080800000| Untracked 
|   9|0x0000000080900000, 0x0000000080a00000, 0x0000000080a00000|100%| O|  |TAMS 0x0000000080a00000, 0x0000000080900000| Untracked 
|  10|0x0000000080a00000, 0x0000000080b00000, 0x0000000080b00000|100%| O|  |TAMS 0x0000000080b00000, 0x0000000080a00000| Untracked 
|  11|0x0000000080b00000, 0x0000000080c00000, 0x0000000080c00000|100%| O|  |TAMS 0x0000000080c00000, 0x0000000080b00000| Untracked 
|  12|0x0000000080c00000, 0x0000000080d00000, 0x0000000080d00000|100%| O|  |TAMS 0x0000000080d00000, 0x0000000080c00000| Untracked 
|  13|0x0000000080d00000, 0x0000000080e00000, 0x0000000080e00000|100%| O|  |TAMS 0x0000000080e00000, 0x0000000080d00000| Untracked 
|  14|0x0000000080e00000, 0x0000000080f00000, 0x0000000080f00000|100%| O|  |TAMS 0x0000000080f00000, 0x0000000080e00000| Untracked 
|  15|0x0000000080f00000, 0x0000000081000000, 0x0000000081000000|100%| O|  |TAMS 0x0000000081000000, 0x0000000080f00000| Untracked 
|  16|0x0000000081000000, 0x0000000081100000, 0x0000000081100000|100%| O|  |TAMS 0x0000000081100000, 0x0000000081000000| Untracked 
|  17|0x0000000081100000, 0x0000000081200000, 0x0000000081200000|100%| O|  |TAMS 0x0000000081200000, 0x0000000081100000| Untracked 
|  18|0x0000000081200000, 0x0000000081300000, 0x0000000081300000|100%| O|  |TAMS 0x0000000081300000, 0x0000000081200000| Untracked 
|  19|0x0000000081300000, 0x0000000081400000, 0x0000000081400000|100%| O|  |TAMS 0x0000000081400000, 0x0000000081300000| Untracked 
|  20|0x0000000081400000, 0x0000000081500000, 0x0000000081500000|100%| O|  |TAMS 0x0000000081500000, 0x0000000081400000| Untracked 
|  21|0x0000000081500000, 0x0000000081600000, 0x0000000081600000|100%| O|  |TAMS 0x0000000081600000, 0x0000000081500000| Untracked 
|  22|0x0000000081600000, 0x0000000081700000, 0x0000000081700000|100%| O|  |TAMS 0x0000000081700000, 0x0000000081600000| Untracked 
|  23|0x0000000081700000, 0x0000000081800000, 0x0000000081800000|100%| O|  |TAMS 0x0000000081800000, 0x0000000081700000| Updating 
|  24|0x0000000081800000, 0x0000000081900000, 0x0000000081900000|100%| O|  |TAMS 0x0000000081900000, 0x0000000081800000| Updating 
|  25|0x0000000081900000, 0x0000000081a00000, 0x0000000081a00000|100%| O|  |TAMS 0x0000000081a00000, 0x0000000081900000| Untracked 
|  26|0x0000000081a00000, 0x0000000081b00000, 0x0000000081b00000|100%| O|  |TAMS 0x0000000081b00000, 0x0000000081a00000| Untracked 
|  27|0x0000000081b00000, 0x0000000081c00000, 0x0000000081c00000|100%| O|  |TAMS 0x0000000081c00000, 0x0000000081b00000| Updating 
|  28|0x0000000081c00000, 0x0000000081d00000, 0x0000000081d00000|100%| O|  |TAMS 0x0000000081d00000, 0x0000000081c00000| Untracked 
|  29|0x0000000081d00000, 0x0000000081e00000, 0x0000000081e00000|100%| O|  |TAMS 0x0000000081e00000, 0x0000000081d00000| Untracked 
|  30|0x0000000081e00000, 0x0000000081f00000, 0x0000000081f00000|100%| O|  |TAMS 0x0000000081f00000, 0x0000000081e00000| Untracked 
|  31|0x0000000081f00000, 0x0000000082000000, 0x0000000082000000|100%| O|  |TAMS 0x0000000082000000, 0x0000000081f00000| Untracked 
|  32|0x0000000082000000, 0x0000000082100000, 0x0000000082100000|100%| O|  |TAMS 0x0000000082100000, 0x0000000082000000| Untracked 
|  33|0x0000000082100000, 0x0000000082200000, 0x0000000082200000|100%| O|  |TAMS 0x0000000082200000, 0x0000000082100000| Untracked 
|  34|0x0000000082200000, 0x0000000082300000, 0x0000000082300000|100%| O|  |TAMS 0x0000000082300000, 0x0000000082200000| Updating 
|  35|0x0000000082300000, 0x0000000082400000, 0x0000000082400000|100%| O|  |TAMS 0x0000000082400000, 0x0000000082300000| Untracked 
|  36|0x0000000082400000, 0x0000000082500000, 0x0000000082500000|100%| O|  |TAMS 0x0000000082500000, 0x0000000082400000| Untracked 
|  37|0x0000000082500000, 0x0000000082600000, 0x0000000082600000|100%|HS|  |TAMS 0x0000000082600000, 0x0000000082500000| Complete 
|  38|0x0000000082600000, 0x0000000082700000, 0x0000000082700000|100%|HC|  |TAMS 0x0000000082700000, 0x0000000082600000| Complete 
|  39|0x0000000082700000, 0x0000000082800000, 0x0000000082800000|100%|HS|  |TAMS 0x0000000082800000, 0x0000000082700000| Complete 
|  40|0x0000000082800000, 0x0000000082900000, 0x0000000082900000|100%|HC|  |TAMS 0x0000000082900000, 0x0000000082800000| Complete 
|  41|0x0000000082900000, 0x0000000082a00000, 0x0000000082a00000|100%| O|  |TAMS 0x0000000082a00000, 0x0000000082900000| Untracked 
|  42|0x0000000082a00000, 0x0000000082b00000, 0x0000000082b00000|100%| O|  |TAMS 0x0000000082b00000, 0x0000000082a00000| Updating 
|  43|0x0000000082b00000, 0x0000000082c00000, 0x0000000082c00000|100%|HS|  |TAMS 0x0000000082c00000, 0x0000000082b00000| Complete 
|  44|0x0000000082c00000, 0x0000000082d00000, 0x0000000082d00000|100%|HC|  |TAMS 0x0000000082d00000, 0x0000000082c00000| Complete 
|  45|0x0000000082d00000, 0x0000000082e00000, 0x0000000082e00000|100%|HC|  |TAMS 0x0000000082e00000, 0x0000000082d00000| Complete 
|  46|0x0000000082e00000, 0x0000000082f00000, 0x0000000082f00000|100%|HC|  |TAMS 0x0000000082f00000, 0x0000000082e00000| Complete 
|  47|0x0000000082f00000, 0x0000000083000000, 0x0000000083000000|100%| O|  |TAMS 0x0000000083000000, 0x0000000082f00000| Untracked 
|  48|0x0000000083000000, 0x0000000083100000, 0x0000000083100000|100%| O|  |TAMS 0x0000000083100000, 0x0000000083000000| Untracked 
|  49|0x0000000083100000, 0x0000000083200000, 0x0000000083200000|100%| O|  |TAMS 0x0000000083200000, 0x0000000083100000| Untracked 
|  50|0x0000000083200000, 0x0000000083300000, 0x0000000083300000|100%|HS|  |TAMS 0x0000000083300000, 0x0000000083200000| Complete 
|  51|0x0000000083300000, 0x0000000083400000, 0x0000000083400000|100%|HC|  |TAMS 0x0000000083400000, 0x0000000083300000| Complete 
|  52|0x0000000083400000, 0x0000000083500000, 0x0000000083500000|100%|HC|  |TAMS 0x0000000083500000, 0x0000000083400000| Complete 
|  53|0x0000000083500000, 0x0000000083600000, 0x0000000083600000|100%|HC|  |TAMS 0x0000000083600000, 0x0000000083500000| Complete 
|  54|0x0000000083600000, 0x0000000083700000, 0x0000000083700000|100%| O|  |TAMS 0x0000000083700000, 0x0000000083600000| Updating 
|  55|0x0000000083700000, 0x0000000083800000, 0x0000000083800000|100%| O|  |TAMS 0x0000000083800000, 0x0000000083700000| Untracked 
|  56|0x0000000083800000, 0x0000000083900000, 0x0000000083900000|100%| O|  |TAMS 0x0000000083900000, 0x0000000083800000| Untracked 
|  57|0x0000000083900000, 0x0000000083a00000, 0x0000000083a00000|100%| O|  |TAMS 0x0000000083a00000, 0x0000000083900000| Untracked 
|  58|0x0000000083a00000, 0x0000000083b00000, 0x0000000083b00000|100%| O|  |TAMS 0x0000000083b00000, 0x0000000083a00000| Untracked 
|  59|0x0000000083b00000, 0x0000000083c00000, 0x0000000083c00000|100%| O|  |TAMS 0x0000000083c00000, 0x0000000083b00000| Untracked 
|  60|0x0000000083c00000, 0x0000000083d00000, 0x0000000083d00000|100%| O|  |TAMS 0x0000000083d00000, 0x0000000083c00000| Untracked 
|  61|0x0000000083d00000, 0x0000000083e00000, 0x0000000083e00000|100%| O|  |TAMS 0x0000000083e00000, 0x0000000083d00000| Untracked 
|  62|0x0000000083e00000, 0x0000000083f00000, 0x0000000083f00000|100%| O|  |TAMS 0x0000000083f00000, 0x0000000083e00000| Untracked 
|  63|0x0000000083f00000, 0x0000000084000000, 0x0000000084000000|100%| O|  |TAMS 0x0000000084000000, 0x0000000083f00000| Untracked 
|  64|0x0000000084000000, 0x0000000084100000, 0x0000000084100000|100%| O|  |TAMS 0x0000000084100000, 0x0000000084000000| Untracked 
|  65|0x0000000084100000, 0x0000000084200000, 0x0000000084200000|100%|HS|  |TAMS 0x0000000084200000, 0x0000000084100000| Complete 
|  66|0x0000000084200000, 0x0000000084300000, 0x0000000084300000|100%|HS|  |TAMS 0x0000000084300000, 0x0000000084200000| Complete 
|  67|0x0000000084300000, 0x0000000084400000, 0x0000000084400000|100%|HS|  |TAMS 0x0000000084400000, 0x0000000084300000| Complete 
|  68|0x0000000084400000, 0x0000000084500000, 0x0000000084500000|100%| O|  |TAMS 0x0000000084500000, 0x0000000084400000| Untracked 
|  69|0x0000000084500000, 0x0000000084600000, 0x0000000084600000|100%| O|  |TAMS 0x0000000084600000, 0x0000000084500000| Untracked 
|  70|0x0000000084600000, 0x0000000084700000, 0x0000000084700000|100%| O|  |TAMS 0x0000000084700000, 0x0000000084600000| Updating 
|  71|0x0000000084700000, 0x0000000084800000, 0x0000000084800000|100%|HS|  |TAMS 0x0000000084800000, 0x0000000084700000| Complete 
|  72|0x0000000084800000, 0x0000000084900000, 0x0000000084900000|100%| O|  |TAMS 0x0000000084900000, 0x0000000084800000| Untracked 
|  73|0x0000000084900000, 0x0000000084a00000, 0x0000000084a00000|100%| O|  |TAMS 0x0000000084a00000, 0x0000000084900000| Updating 
|  74|0x0000000084a00000, 0x0000000084b00000, 0x0000000084b00000|100%| O|  |TAMS 0x0000000084aefc00, 0x0000000084a00000| Untracked 
|  75|0x0000000084b00000, 0x0000000084c00000, 0x0000000084c00000|100%| O|  |TAMS 0x0000000084b00000, 0x0000000084b00000| Untracked 
|  76|0x0000000084c00000, 0x0000000084d00000, 0x0000000084d00000|100%| O|  |TAMS 0x0000000084c00000, 0x0000000084c00000| Untracked 
|  77|0x0000000084d00000, 0x0000000084d95600, 0x0000000084e00000| 58%| O|  |TAMS 0x0000000084d00000, 0x0000000084d00000| Updating 
|  78|0x0000000084e00000, 0x0000000084e00000, 0x0000000084f00000|  0%| F|  |TAMS 0x0000000084e00000, 0x0000000084e00000| Untracked 
|  79|0x0000000084f00000, 0x0000000084f00000, 0x0000000085000000|  0%| F|  |TAMS 0x0000000084f00000, 0x0000000084f00000| Untracked 
|  80|0x0000000085000000, 0x0000000085000000, 0x0000000085100000|  0%| F|  |TAMS 0x0000000085000000, 0x0000000085000000| Untracked 
|  81|0x0000000085100000, 0x0000000085100000, 0x0000000085200000|  0%| F|  |TAMS 0x0000000085100000, 0x0000000085100000| Untracked 
|  82|0x0000000085200000, 0x0000000085200000, 0x0000000085300000|  0%| F|  |TAMS 0x0000000085200000, 0x0000000085200000| Untracked 
|  83|0x0000000085300000, 0x0000000085300000, 0x0000000085400000|  0%| F|  |TAMS 0x0000000085300000, 0x0000000085300000| Untracked 
|  84|0x0000000085400000, 0x0000000085400000, 0x0000000085500000|  0%| F|  |TAMS 0x0000000085400000, 0x0000000085400000| Untracked 
|  85|0x0000000085500000, 0x0000000085500000, 0x0000000085600000|  0%| F|  |TAMS 0x0000000085500000, 0x0000000085500000| Untracked 
|  86|0x0000000085600000, 0x0000000085600000, 0x0000000085700000|  0%| F|  |TAMS 0x0000000085600000, 0x0000000085600000| Untracked 
|  87|0x0000000085700000, 0x0000000085700000, 0x0000000085800000|  0%| F|  |TAMS 0x0000000085700000, 0x0000000085700000| Untracked 
|  88|0x0000000085800000, 0x0000000085800000, 0x0000000085900000|  0%| F|  |TAMS 0x0000000085800000, 0x0000000085800000| Untracked 
|  89|0x0000000085900000, 0x0000000085900000, 0x0000000085a00000|  0%| F|  |TAMS 0x0000000085900000, 0x0000000085900000| Untracked 
|  90|0x0000000085a00000, 0x0000000085a00000, 0x0000000085b00000|  0%| F|  |TAMS 0x0000000085a00000, 0x0000000085a00000| Untracked 
|  91|0x0000000085b00000, 0x0000000085b00000, 0x0000000085c00000|  0%| F|  |TAMS 0x0000000085b00000, 0x0000000085b00000| Untracked 
|  92|0x0000000085c00000, 0x0000000085c00000, 0x0000000085d00000|  0%| F|  |TAMS 0x0000000085c00000, 0x0000000085c00000| Untracked 
|  93|0x0000000085d00000, 0x0000000085d00000, 0x0000000085e00000|  0%| F|  |TAMS 0x0000000085d00000, 0x0000000085d00000| Untracked 
|  94|0x0000000085e00000, 0x0000000085e00000, 0x0000000085f00000|  0%| F|  |TAMS 0x0000000085e00000, 0x0000000085e00000| Untracked 
|  95|0x0000000085f00000, 0x0000000085f00000, 0x0000000086000000|  0%| F|  |TAMS 0x0000000085f00000, 0x0000000085f00000| Untracked 
|  96|0x0000000086000000, 0x0000000086000000, 0x0000000086100000|  0%| F|  |TAMS 0x0000000086000000, 0x0000000086000000| Untracked 
|  97|0x0000000086100000, 0x0000000086100000, 0x0000000086200000|  0%| F|  |TAMS 0x0000000086100000, 0x0000000086100000| Untracked 
|  98|0x0000000086200000, 0x0000000086200000, 0x0000000086300000|  0%| F|  |TAMS 0x0000000086200000, 0x0000000086200000| Untracked 
|  99|0x0000000086300000, 0x0000000086300000, 0x0000000086400000|  0%| F|  |TAMS 0x0000000086300000, 0x0000000086300000| Untracked 
| 100|0x0000000086400000, 0x0000000086400000, 0x0000000086500000|  0%| F|  |TAMS 0x0000000086400000, 0x0000000086400000| Untracked 
| 101|0x0000000086500000, 0x0000000086500000, 0x0000000086600000|  0%| F|  |TAMS 0x0000000086500000, 0x0000000086500000| Untracked 
| 102|0x0000000086600000, 0x0000000086600000, 0x0000000086700000|  0%| F|  |TAMS 0x0000000086600000, 0x0000000086600000| Untracked 
| 103|0x0000000086700000, 0x0000000086700000, 0x0000000086800000|  0%| F|  |TAMS 0x0000000086700000, 0x0000000086700000| Untracked 
| 104|0x0000000086800000, 0x0000000086800000, 0x0000000086900000|  0%| F|  |TAMS 0x0000000086800000, 0x0000000086800000| Untracked 
| 105|0x0000000086900000, 0x0000000086900000, 0x0000000086a00000|  0%| F|  |TAMS 0x0000000086900000, 0x0000000086900000| Untracked 
| 106|0x0000000086a00000, 0x0000000086a00000, 0x0000000086b00000|  0%| F|  |TAMS 0x0000000086a00000, 0x0000000086a00000| Untracked 
| 107|0x0000000086b00000, 0x0000000086b00000, 0x0000000086c00000|  0%| F|  |TAMS 0x0000000086b00000, 0x0000000086b00000| Untracked 
| 108|0x0000000086c00000, 0x0000000086c00000, 0x0000000086d00000|  0%| F|  |TAMS 0x0000000086c00000, 0x0000000086c00000| Untracked 
| 109|0x0000000086d00000, 0x0000000086d00000, 0x0000000086e00000|  0%| F|  |TAMS 0x0000000086d00000, 0x0000000086d00000| Untracked 
| 110|0x0000000086e00000, 0x0000000086ea35d0, 0x0000000086f00000| 63%| S|CS|TAMS 0x0000000086e00000, 0x0000000086e00000| Complete 
| 111|0x0000000086f00000, 0x0000000086f00000, 0x0000000087000000|  0%| F|  |TAMS 0x0000000086f00000, 0x0000000086f00000| Untracked 
| 112|0x0000000087000000, 0x0000000087000000, 0x0000000087100000|  0%| F|  |TAMS 0x0000000087000000, 0x0000000087000000| Untracked 
| 113|0x0000000087100000, 0x0000000087100000, 0x0000000087200000|  0%| F|  |TAMS 0x0000000087100000, 0x0000000087100000| Untracked 
| 114|0x0000000087200000, 0x0000000087200000, 0x0000000087300000|  0%| F|  |TAMS 0x0000000087200000, 0x0000000087200000| Untracked 
| 115|0x0000000087300000, 0x0000000087300000, 0x0000000087400000|  0%| F|  |TAMS 0x0000000087300000, 0x0000000087300000| Untracked 
| 116|0x0000000087400000, 0x0000000087400000, 0x0000000087500000|  0%| F|  |TAMS 0x0000000087400000, 0x0000000087400000| Untracked 
| 117|0x0000000087500000, 0x0000000087500000, 0x0000000087600000|  0%| F|  |TAMS 0x0000000087500000, 0x0000000087500000| Untracked 
| 118|0x0000000087600000, 0x0000000087600000, 0x0000000087700000|  0%| F|  |TAMS 0x0000000087600000, 0x0000000087600000| Untracked 
| 119|0x0000000087700000, 0x0000000087700000, 0x0000000087800000|  0%| F|  |TAMS 0x0000000087700000, 0x0000000087700000| Untracked 
| 120|0x0000000087800000, 0x0000000087800000, 0x0000000087900000|  0%| F|  |TAMS 0x0000000087800000, 0x0000000087800000| Untracked 
| 121|0x0000000087900000, 0x0000000087900000, 0x0000000087a00000|  0%| F|  |TAMS 0x0000000087900000, 0x0000000087900000| Untracked 
| 122|0x0000000087a00000, 0x0000000087a00000, 0x0000000087b00000|  0%| F|  |TAMS 0x0000000087a00000, 0x0000000087a00000| Untracked 
| 123|0x0000000087b00000, 0x0000000087b00000, 0x0000000087c00000|  0%| F|  |TAMS 0x0000000087b00000, 0x0000000087b00000| Untracked 
| 124|0x0000000087c00000, 0x0000000087c00000, 0x0000000087d00000|  0%| F|  |TAMS 0x0000000087c00000, 0x0000000087c00000| Untracked 
| 125|0x0000000087d00000, 0x0000000087d00000, 0x0000000087e00000|  0%| F|  |TAMS 0x0000000087d00000, 0x0000000087d00000| Untracked 
| 126|0x0000000087e00000, 0x0000000087e00000, 0x0000000087f00000|  0%| F|  |TAMS 0x0000000087e00000, 0x0000000087e00000| Untracked 
| 127|0x0000000087f00000, 0x0000000087f00000, 0x0000000088000000|  0%| F|  |TAMS 0x0000000087f00000, 0x0000000087f00000| Untracked 
| 128|0x0000000088000000, 0x0000000088000000, 0x0000000088100000|  0%| F|  |TAMS 0x0000000088000000, 0x0000000088000000| Untracked 
| 129|0x0000000088100000, 0x0000000088100000, 0x0000000088200000|  0%| F|  |TAMS 0x0000000088100000, 0x0000000088100000| Untracked 
| 130|0x0000000088200000, 0x0000000088200000, 0x0000000088300000|  0%| F|  |TAMS 0x0000000088200000, 0x0000000088200000| Untracked 
| 131|0x0000000088300000, 0x0000000088300000, 0x0000000088400000|  0%| F|  |TAMS 0x0000000088300000, 0x0000000088300000| Untracked 
| 132|0x0000000088400000, 0x00000000884abcc8, 0x0000000088500000| 67%| E|  |TAMS 0x0000000088400000, 0x0000000088400000| Complete 
| 245|0x000000008f500000, 0x000000008f600000, 0x000000008f600000|100%| E|CS|TAMS 0x000000008f500000, 0x000000008f500000| Complete 

Card table byte_map: [0x00000215991d0000,0x00000215995d0000] _byte_map_base: 0x0000021598dd0000

Marking Bits (Prev, Next): (CMBitMap*) 0x000002158203ca10, (CMBitMap*) 0x000002158203c9d0
 Prev Bits: [0x000002159b9d0000, 0x000002159d9d0000)
 Next Bits: [0x00000215999d0000, 0x000002159b9d0000)

Polling page: 0x00000215817a0000

Metaspace:

Usage:
  Non-class:     58.69 MB used.
      Class:      9.63 MB used.
       Both:     68.33 MB used.

Virtual space:
  Non-class space:       64.00 MB reserved,      59.06 MB ( 92%) committed,  1 nodes.
      Class space:      416.00 MB reserved,      10.00 MB (  2%) committed,  1 nodes.
             Both:      480.00 MB reserved,      69.06 MB ( 14%) committed. 

Chunk freelists:
   Non-Class:  4.02 MB
       Class:  6.02 MB
        Both:  10.03 MB

MaxMetaspaceSize: 512.00 MB
CompressedClassSpaceSize: 416.00 MB
Initial GC threshold: 21.00 MB
Current GC threshold: 110.31 MB
CDS: on
MetaspaceReclaimPolicy: balanced
 - commit_granule_bytes: 65536.
 - commit_granule_words: 8192.
 - virtual_space_node_default_size: 8388608.
 - enlarge_chunks_in_place: 1.
 - new_chunks_are_fully_committed: 0.
 - uncommit_free_chunks: 1.
 - use_allocation_guard: 0.
 - handle_deallocations: 1.


Internal statistics:

num_allocs_failed_limit: 6.
num_arena_births: 922.
num_arena_deaths: 0.
num_vsnodes_births: 2.
num_vsnodes_deaths: 0.
num_space_committed: 1105.
num_space_uncommitted: 0.
num_chunks_returned_to_freelist: 6.
num_chunks_taken_from_freelist: 3821.
num_chunk_merges: 6.
num_chunk_splits: 2521.
num_chunks_enlarged: 1669.
num_inconsistent_stats: 0.

CodeHeap 'non-profiled nmethods': size=120000Kb used=4577Kb max_used=4577Kb free=115422Kb
 bounds [0x0000021591340000, 0x00000215917c0000, 0x0000021598870000]
CodeHeap 'profiled nmethods': size=120000Kb used=16685Kb max_used=16685Kb free=103314Kb
 bounds [0x0000021589870000, 0x000002158a8c0000, 0x0000021590da0000]
CodeHeap 'non-nmethods': size=5760Kb used=2373Kb max_used=2429Kb free=3386Kb
 bounds [0x0000021590da0000, 0x0000021591010000, 0x0000021591340000]
 total_blobs=9260 nmethods=8359 adapters=813
 compilation: enabled
              stopped_count=0, restarted_count=0
 full_count=0

Compilation events (20 events):
Event: 19.289 Thread 0x00000215a07c8490 9150       3       java.util.Locale::hasExtensions (13 bytes)
Event: 19.289 Thread 0x00000215a07c8490 nmethod 9150 0x000002158a8b7110 code [0x000002158a8b72a0, 0x000002158a8b7418]
Event: 19.289 Thread 0x00000215a07c8490 9151       3       sun.util.locale.BaseLocale::equals (71 bytes)
Event: 19.289 Thread 0x00000215a07c8490 nmethod 9151 0x000002158a8b7490 code [0x000002158a8b7660, 0x000002158a8b7b58]
Event: 19.289 Thread 0x00000215a07c8490 9153       3       java.util.Locale::stripExtensions (20 bytes)
Event: 19.289 Thread 0x00000215a07c8490 nmethod 9153 0x000002158a8b7c10 code [0x000002158a8b7dc0, 0x000002158a8b8048]
Event: 19.291 Thread 0x00000215a07c8490 9154       3       sun.util.locale.provider.LocaleProviderAdapter::getAdapter (177 bytes)
Event: 19.292 Thread 0x00000215a07c8490 nmethod 9154 0x000002158a8b8110 code [0x000002158a8b8460, 0x000002158a8b9ac8]
Event: 19.293 Thread 0x00000215a07c8490 9156       3       org.gradle.api.internal.provider.ValueSupplier$Value::ofNullable (23 bytes)
Event: 19.294 Thread 0x00000215a07c8490 nmethod 9156 0x000002158a8ba110 code [0x000002158a8ba2e0, 0x000002158a8ba6d8]
Event: 19.301 Thread 0x00000215a07c8490 9157       3       org.gradle.internal.instantiation.generator.AsmBackedClassGenerator$ClassBuilderImpl::access$600 (4 bytes)
Event: 19.302 Thread 0x00000215a07c8490 nmethod 9157 0x000002158a8ba890 code [0x000002158a8baa20, 0x000002158a8bab18]
Event: 19.302 Thread 0x00000215a07c8490 9158       1       org.gradle.internal.instantiation.generator.AsmBackedClassGenerator$ClassBuilderImpl::access$7500 (5 bytes)
Event: 19.302 Thread 0x00000215a07c8490 nmethod 9158 0x00000215917b8390 code [0x00000215917b8520, 0x00000215917b85d8]
Event: 19.306 Thread 0x00000215a07c8490 9159       3       org.gradle.internal.instantiation.generator.AsmBackedClassGenerator$ClassBuilderImpl::access$5200 (4 bytes)
Event: 19.306 Thread 0x00000215a07c8490 nmethod 9159 0x000002158a8bab90 code [0x000002158a8bad20, 0x000002158a8bae18]
Event: 19.309 Thread 0x00000215a07c8490 9160       3       com.google.common.cache.LocalCache$LocalManualCache::getIfPresent (9 bytes)
Event: 19.309 Thread 0x00000215a07c8490 nmethod 9160 0x000002158a8bae90 code [0x000002158a8bb040, 0x000002158a8bb188]
Event: 19.309 Thread 0x00000215a07c8490 9161       3       com.google.common.collect.Hashing::smear (19 bytes)
Event: 19.310 Thread 0x00000215a07c8490 nmethod 9161 0x000002158a8bb290 code [0x000002158a8bb420, 0x000002158a8bb598]

GC Heap History (20 events):
Event: 16.175 GC heap before
{Heap before GC invocations=29 (full 0):
 garbage-first heap   total 106496K, used 84229K [0x0000000080000000, 0x0000000100000000)
  region size 1024K, 27 young (27648K), 4 survivors (4096K)
 Metaspace       used 61649K, committed 62400K, reserved 491520K
  class space    used 8712K, committed 9024K, reserved 425984K
}
Event: 16.177 GC heap after
{Heap after GC invocations=30 (full 0):
 garbage-first heap   total 106496K, used 62459K [0x0000000080000000, 0x0000000100000000)
  region size 1024K, 4 young (4096K), 4 survivors (4096K)
 Metaspace       used 61649K, committed 62400K, reserved 491520K
  class space    used 8712K, committed 9024K, reserved 425984K
}
Event: 16.590 GC heap before
{Heap before GC invocations=30 (full 0):
 garbage-first heap   total 106496K, used 87035K [0x0000000080000000, 0x0000000100000000)
  region size 1024K, 28 young (28672K), 4 survivors (4096K)
 Metaspace       used 63316K, committed 64000K, reserved 491520K
  class space    used 8978K, committed 9280K, reserved 425984K
}
Event: 16.594 GC heap after
{Heap after GC invocations=31 (full 0):
 garbage-first heap   total 106496K, used 63913K [0x0000000080000000, 0x0000000100000000)
  region size 1024K, 4 young (4096K), 4 survivors (4096K)
 Metaspace       used 63316K, committed 64000K, reserved 491520K
  class space    used 8978K, committed 9280K, reserved 425984K
}
Event: 17.803 GC heap before
{Heap before GC invocations=32 (full 0):
 garbage-first heap   total 111616K, used 87465K [0x0000000080000000, 0x0000000100000000)
  region size 1024K, 27 young (27648K), 4 survivors (4096K)
 Metaspace       used 64816K, committed 65536K, reserved 491520K
  class space    used 9195K, committed 9536K, reserved 425984K
}
Event: 17.807 GC heap after
{Heap after GC invocations=33 (full 0):
 garbage-first heap   total 111616K, used 66417K [0x0000000080000000, 0x0000000100000000)
  region size 1024K, 4 young (4096K), 4 survivors (4096K)
 Metaspace       used 64816K, committed 65536K, reserved 491520K
  class space    used 9195K, committed 9536K, reserved 425984K
}
Event: 18.475 GC heap before
{Heap before GC invocations=33 (full 0):
 garbage-first heap   total 111616K, used 92017K [0x0000000080000000, 0x0000000100000000)
  region size 1024K, 30 young (30720K), 4 survivors (4096K)
 Metaspace       used 66583K, committed 67392K, reserved 491520K
  class space    used 9485K, committed 9856K, reserved 425984K
}
Event: 18.478 GC heap after
{Heap after GC invocations=34 (full 0):
 garbage-first heap   total 111616K, used 67865K [0x0000000080000000, 0x0000000100000000)
  region size 1024K, 2 young (2048K), 2 survivors (2048K)
 Metaspace       used 66583K, committed 67392K, reserved 491520K
  class space    used 9485K, committed 9856K, reserved 425984K
}
Event: 18.656 GC heap before
{Heap before GC invocations=35 (full 0):
 garbage-first heap   total 121856K, used 80153K [0x0000000080000000, 0x0000000100000000)
  region size 1024K, 16 young (16384K), 2 survivors (2048K)
 Metaspace       used 66947K, committed 67776K, reserved 491520K
  class space    used 9524K, committed 9920K, reserved 425984K
}
Event: 18.657 GC heap after
{Heap after GC invocations=36 (full 0):
 garbage-first heap   total 121856K, used 68321K [0x0000000080000000, 0x0000000100000000)
  region size 1024K, 3 young (3072K), 3 survivors (3072K)
 Metaspace       used 66947K, committed 67776K, reserved 491520K
  class space    used 9524K, committed 9920K, reserved 425984K
}
Event: 18.713 GC heap before
{Heap before GC invocations=37 (full 0):
 garbage-first heap   total 121856K, used 70369K [0x0000000080000000, 0x0000000100000000)
  region size 1024K, 4 young (4096K), 3 survivors (3072K)
 Metaspace       used 66948K, committed 67776K, reserved 491520K
  class space    used 9524K, committed 9920K, reserved 425984K
}
Event: 18.716 GC heap after
{Heap after GC invocations=38 (full 0):
 garbage-first heap   total 121856K, used 71176K [0x0000000080000000, 0x0000000100000000)
  region size 1024K, 3 young (3072K), 3 survivors (3072K)
 Metaspace       used 66948K, committed 67776K, reserved 491520K
  class space    used 9524K, committed 9920K, reserved 425984K
}
Event: 18.812 GC heap before
{Heap before GC invocations=39 (full 0):
 garbage-first heap   total 122880K, used 75272K [0x0000000080000000, 0x0000000100000000)
  region size 1024K, 8 young (8192K), 3 survivors (3072K)
 Metaspace       used 66958K, committed 67776K, reserved 491520K
  class space    used 9524K, committed 9920K, reserved 425984K
}
Event: 18.815 GC heap after
{Heap after GC invocations=40 (full 0):
 garbage-first heap   total 122880K, used 75452K [0x0000000080000000, 0x0000000100000000)
  region size 1024K, 3 young (3072K), 3 survivors (3072K)
 Metaspace       used 66958K, committed 67776K, reserved 491520K
  class space    used 9524K, committed 9920K, reserved 425984K
}
Event: 18.893 GC heap before
{Heap before GC invocations=41 (full 0):
 garbage-first heap   total 130048K, used 78524K [0x0000000080000000, 0x0000000100000000)
  region size 1024K, 6 young (6144K), 3 survivors (3072K)
 Metaspace       used 66973K, committed 67776K, reserved 491520K
  class space    used 9526K, committed 9920K, reserved 425984K
}
Event: 18.895 GC heap after
{Heap after GC invocations=42 (full 0):
 garbage-first heap   total 130048K, used 76907K [0x0000000080000000, 0x0000000100000000)
  region size 1024K, 2 young (2048K), 2 survivors (2048K)
 Metaspace       used 66973K, committed 67776K, reserved 491520K
  class space    used 9526K, committed 9920K, reserved 425984K
}
Event: 19.063 GC heap before
{Heap before GC invocations=43 (full 0):
 garbage-first heap   total 137216K, used 93291K [0x0000000080000000, 0x0000000100000000)
  region size 1024K, 18 young (18432K), 2 survivors (2048K)
 Metaspace       used 68043K, committed 68864K, reserved 491520K
  class space    used 9662K, committed 10048K, reserved 425984K
}
Event: 19.064 GC heap after
{Heap after GC invocations=44 (full 0):
 garbage-first heap   total 137216K, used 79571K [0x0000000080000000, 0x0000000100000000)
  region size 1024K, 3 young (3072K), 3 survivors (3072K)
 Metaspace       used 68043K, committed 68864K, reserved 491520K
  class space    used 9662K, committed 10048K, reserved 425984K
}
Event: 19.376 GC heap before
{Heap before GC invocations=44 (full 0):
 garbage-first heap   total 137216K, used 99027K [0x0000000080000000, 0x0000000100000000)
  region size 1024K, 23 young (23552K), 3 survivors (3072K)
 Metaspace       used 69821K, committed 70592K, reserved 491520K
  class space    used 9851K, committed 10240K, reserved 425984K
}
Event: 19.379 GC heap after
{Heap after GC invocations=45 (full 0):
 garbage-first heap   total 137216K, used 80098K [0x0000000080000000, 0x0000000100000000)
  region size 1024K, 1 young (1024K), 1 survivors (1024K)
 Metaspace       used 69821K, committed 70592K, reserved 491520K
  class space    used 9851K, committed 10240K, reserved 425984K
}

Deoptimization events (20 events):
Event: 18.902 Thread 0x00000215c15cb200 Uncommon trap: trap_request=0xffffffde fr.pc=0x0000021591401a78 relative=0x0000000000002758
Event: 18.902 Thread 0x00000215c15cb200 Uncommon trap: reason=class_check action=maybe_recompile pc=0x0000021591401a78 method=java.util.jar.JarFile.getManifestFromReference()Ljava/util/jar/Manifest; @ 152 c2
Event: 18.902 Thread 0x00000215c15cb200 DEOPT PACKING pc=0x0000021591401a78 sp=0x00000092c17f30f0
Event: 18.902 Thread 0x00000215c15cb200 DEOPT UNPACKING pc=0x0000021590df23a3 sp=0x00000092c17f3060 mode 2
Event: 19.003 Thread 0x00000215c15cb200 Uncommon trap: trap_request=0xffffffde fr.pc=0x0000021591401a78 relative=0x0000000000002758
Event: 19.003 Thread 0x00000215c15cb200 Uncommon trap: reason=class_check action=maybe_recompile pc=0x0000021591401a78 method=java.util.jar.JarFile.getManifestFromReference()Ljava/util/jar/Manifest; @ 152 c2
Event: 19.003 Thread 0x00000215c15cb200 DEOPT PACKING pc=0x0000021591401a78 sp=0x00000092c17f30c0
Event: 19.003 Thread 0x00000215c15cb200 DEOPT UNPACKING pc=0x0000021590df23a3 sp=0x00000092c17f3030 mode 2
Event: 19.096 Thread 0x00000215c15cb200 Uncommon trap: trap_request=0xffffffde fr.pc=0x0000021591401a78 relative=0x0000000000002758
Event: 19.096 Thread 0x00000215c15cb200 Uncommon trap: reason=class_check action=maybe_recompile pc=0x0000021591401a78 method=java.util.jar.JarFile.getManifestFromReference()Ljava/util/jar/Manifest; @ 152 c2
Event: 19.096 Thread 0x00000215c15cb200 DEOPT PACKING pc=0x0000021591401a78 sp=0x00000092c17f22d0
Event: 19.096 Thread 0x00000215c15cb200 DEOPT UNPACKING pc=0x0000021590df23a3 sp=0x00000092c17f2240 mode 2
Event: 19.248 Thread 0x00000215c15cb200 Uncommon trap: trap_request=0xffffffde fr.pc=0x000002159136588c relative=0x000000000000048c
Event: 19.248 Thread 0x00000215c15cb200 Uncommon trap: reason=class_check action=maybe_recompile pc=0x000002159136588c method=org.gradle.internal.instantiation.generator.AbstractClassGenerator$InjectionAnnotationValidator.validateMethod(Ljava/lang/reflect/Method;Lorg/gradle/internal/reflect/Pro
Event: 19.248 Thread 0x00000215c15cb200 DEOPT PACKING pc=0x000002159136588c sp=0x00000092c17f36a0
Event: 19.248 Thread 0x00000215c15cb200 DEOPT UNPACKING pc=0x0000021590df23a3 sp=0x00000092c17f3648 mode 2
Event: 19.259 Thread 0x00000215c15cb200 Uncommon trap: trap_request=0xffffffde fr.pc=0x0000021591401a78 relative=0x0000000000002758
Event: 19.259 Thread 0x00000215c15cb200 Uncommon trap: reason=class_check action=maybe_recompile pc=0x0000021591401a78 method=java.util.jar.JarFile.getManifestFromReference()Ljava/util/jar/Manifest; @ 152 c2
Event: 19.259 Thread 0x00000215c15cb200 DEOPT PACKING pc=0x0000021591401a78 sp=0x00000092c17f3920
Event: 19.259 Thread 0x00000215c15cb200 DEOPT UNPACKING pc=0x0000021590df23a3 sp=0x00000092c17f3890 mode 2

Classes unloaded (0 events):
No events

Classes redefined (0 events):
No events

Internal exceptions (20 events):
Event: 17.877 Thread 0x00000215c15c9dc0 Exception <a 'java/lang/NoSuchMethodError'{0x000000008802f568}: static Lorg/gradle/internal/build/event/types/DefaultTaskStartedProgressEvent;.<clinit>()V> (0x000000008802f568) 
thrown [s\open\src\hotspot\share\prims\jni.cpp, line 1107]
Event: 17.878 Thread 0x00000215c15c9dc0 Exception <a 'java/lang/NoSuchMethodError'{0x00000000880518b8}: static Lorg/gradle/internal/build/event/types/DefaultTaskDescriptor;.<clinit>()V> (0x00000000880518b8) 
thrown [s\open\src\hotspot\share\prims\jni.cpp, line 1107]
Event: 17.913 Thread 0x00000215c2f76490 Exception <a 'java/lang/NoSuchMethodError'{0x0000000087f90c88}: 'int java.lang.invoke.DirectMethodHandle$Holder.invokeSpecial(java.lang.Object, java.lang.Object, java.lang.Object, java.lang.Object, java.lang.Object)'> (0x0000000087f90c88) 
thrown [s\open\src\hotspot\share\interpreter\linkResolver.cpp, line 759]
Event: 18.037 Thread 0x00000215c15c9dc0 Exception <a 'java/lang/NoSuchMethodError'{0x0000000087820b38}: static Lorg/gradle/internal/build/event/types/DefaultTaskFinishedProgressEvent;.<clinit>()V> (0x0000000087820b38) 
thrown [s\open\src\hotspot\share\prims\jni.cpp, line 1107]
Event: 18.038 Thread 0x00000215c15c9dc0 Exception <a 'java/lang/NoSuchMethodError'{0x00000000878402c0}: static Lorg/gradle/internal/build/event/types/DefaultTaskSuccessResult;.<clinit>()V> (0x00000000878402c0) 
thrown [s\open\src\hotspot\share\prims\jni.cpp, line 1107]
Event: 18.038 Thread 0x00000215c15c9dc0 Exception <a 'java/lang/NoSuchMethodError'{0x0000000087841770}: static Lorg/gradle/internal/build/event/types/AbstractTaskResult;.<clinit>()V> (0x0000000087841770) 
thrown [s\open\src\hotspot\share\prims\jni.cpp, line 1107]
Event: 18.042 Thread 0x00000215c2f76490 Exception <a 'sun/nio/fs/WindowsException'{0x000000008783a208}> (0x000000008783a208) 
thrown [s\open\src\hotspot\share\prims\jni.cpp, line 516]
Event: 18.042 Thread 0x00000215c2f76490 Exception <a 'sun/nio/fs/WindowsException'{0x0000000087865948}> (0x0000000087865948) 
thrown [s\open\src\hotspot\share\prims\jni.cpp, line 516]
Event: 18.043 Thread 0x00000215c2f76490 Exception <a 'sun/nio/fs/WindowsException'{0x0000000087867cc0}> (0x0000000087867cc0) 
thrown [s\open\src\hotspot\share\prims\jni.cpp, line 516]
Event: 18.043 Thread 0x00000215c2f76490 Exception <a 'sun/nio/fs/WindowsException'{0x0000000087869d00}> (0x0000000087869d00) 
thrown [s\open\src\hotspot\share\prims\jni.cpp, line 516]
Event: 18.050 Thread 0x00000215c15c9dc0 Exception <a 'java/lang/NoSuchMethodError'{0x0000000087884e70}: static Lorg/gradle/internal/build/event/types/DefaultTaskSkippedResult;.<clinit>()V> (0x0000000087884e70) 
thrown [s\open\src\hotspot\share\prims\jni.cpp, line 1107]
Event: 18.068 Thread 0x00000215c2f76490 Exception <a 'java/lang/NoSuchMethodError'{0x0000000085f1f6d8}: 'void java.lang.invoke.DirectMethodHandle$Holder.invokeVirtual(java.lang.Object, java.lang.Object)'> (0x0000000085f1f6d8) 
thrown [s\open\src\hotspot\share\interpreter\linkResolver.cpp, line 759]
Event: 18.463 Thread 0x00000215c25ec200 Exception <a 'sun/nio/fs/WindowsException'{0x0000000084f16cb8}> (0x0000000084f16cb8) 
thrown [s\open\src\hotspot\share\prims\jni.cpp, line 516]
Event: 18.479 Thread 0x00000215c1c4c170 Exception <a 'sun/nio/fs/WindowsException'{0x000000008f52e8a8}> (0x000000008f52e8a8) 
thrown [s\open\src\hotspot\share\prims\jni.cpp, line 516]
Event: 18.580 Thread 0x00000215c1c4c170 Exception <a 'sun/nio/fs/WindowsException'{0x0000000087c70d38}> (0x0000000087c70d38) 
thrown [s\open\src\hotspot\share\prims\jni.cpp, line 516]
Event: 18.580 Thread 0x00000215c1c4c170 Exception <a 'sun/nio/fs/WindowsException'{0x0000000087c70f00}> (0x0000000087c70f00) 
thrown [s\open\src\hotspot\share\prims\jni.cpp, line 516]
Event: 18.625 Thread 0x00000215c15cb200 Exception <a 'java/lang/ClassNotFoundException'{0x0000000087862d70}: build_3usczyjt02yzy1ob9yvmmylr2BeanInfo> (0x0000000087862d70) 
thrown [s\open\src\hotspot\share\classfile\systemDictionary.cpp, line 256]
Event: 18.625 Thread 0x00000215c15cb200 Exception <a 'java/lang/ClassNotFoundException'{0x0000000087869750}: build_3usczyjt02yzy1ob9yvmmylr2Customizer> (0x0000000087869750) 
thrown [s\open\src\hotspot\share\classfile\systemDictionary.cpp, line 256]
Event: 18.884 Thread 0x00000215c15cb200 Exception <a 'java/lang/ClassNotFoundException'{0x00000000883b5398}: build_22riorwigu3tnv28e7fqddclcBeanInfo> (0x00000000883b5398) 
thrown [s\open\src\hotspot\share\classfile\systemDictionary.cpp, line 256]
Event: 18.884 Thread 0x00000215c15cb200 Exception <a 'java/lang/ClassNotFoundException'{0x00000000883c0480}: build_22riorwigu3tnv28e7fqddclcCustomizer> (0x00000000883c0480) 
thrown [s\open\src\hotspot\share\classfile\systemDictionary.cpp, line 256]

VM Operations (20 events):
Event: 18.753 Executing VM operation: G1Concurrent
Event: 18.754 Executing VM operation: G1Concurrent done
Event: 18.812 Executing VM operation: G1TryInitiateConcMark
Event: 18.815 Executing VM operation: G1TryInitiateConcMark done
Event: 18.842 Executing VM operation: G1Concurrent
Event: 18.846 Executing VM operation: G1Concurrent done
Event: 18.858 Executing VM operation: G1Concurrent
Event: 18.859 Executing VM operation: G1Concurrent done
Event: 18.893 Executing VM operation: G1TryInitiateConcMark
Event: 18.895 Executing VM operation: G1TryInitiateConcMark done
Event: 18.923 Executing VM operation: G1Concurrent
Event: 18.927 Executing VM operation: G1Concurrent done
Event: 18.937 Executing VM operation: G1Concurrent
Event: 18.938 Executing VM operation: G1Concurrent done
Event: 19.063 Executing VM operation: G1CollectForAllocation
Event: 19.064 Executing VM operation: G1CollectForAllocation done
Event: 19.258 Executing VM operation: HandshakeAllThreads
Event: 19.258 Executing VM operation: HandshakeAllThreads done
Event: 19.376 Executing VM operation: G1CollectForAllocation
Event: 19.379 Executing VM operation: G1CollectForAllocation done

Events (20 events):
Event: 18.347 loading class sun/net/DefaultProgressMeteringPolicy done
Event: 18.392 loading class java/util/concurrent/ConcurrentLinkedQueue$Itr
Event: 18.392 loading class java/util/concurrent/ConcurrentLinkedQueue$Itr done
Event: 18.397 Thread 0x00000215c2f5f080 Thread added: 0x00000215c2f5f080
Event: 18.398 Thread 0x00000215c2f66a00 Thread added: 0x00000215c2f66a00
Event: 18.398 Thread 0x00000215c2f63760 Thread added: 0x00000215c2f63760
Event: 18.398 Thread 0x00000215c2f609d0 Thread added: 0x00000215c2f609d0
Event: 18.399 Thread 0x00000215c2f61e10 Thread added: 0x00000215c2f61e10
Event: 18.399 Thread 0x00000215c2f604c0 Thread added: 0x00000215c2f604c0
Event: 18.399 Thread 0x00000215c2f65ad0 Thread added: 0x00000215c2f65ad0
Event: 18.399 Thread 0x00000215c2f62d40 Thread added: 0x00000215c2f62d40
Event: 18.400 Thread 0x00000215c2f65fe0 Thread added: 0x00000215c2f65fe0
Event: 18.400 Thread 0x00000215c2f664f0 Thread added: 0x00000215c2f664f0
Event: 18.400 Thread 0x00000215c2f5f590 Thread added: 0x00000215c2f5f590
Event: 18.465 loading class sun/nio/fs/WindowsSecurity$Privilege
Event: 18.465 loading class sun/nio/fs/WindowsSecurity$Privilege done
Event: 19.289 loading class sun/text/resources/cldr/FormatData_en
Event: 19.290 loading class sun/text/resources/cldr/FormatData_en done
Event: 19.291 loading class sun/text/resources/cldr/FormatData_en_US
Event: 19.291 loading class sun/text/resources/cldr/FormatData_en_US done


Dynamic libraries:
0x00007ff6e02f0000 - 0x00007ff6e0300000 	C:\Program Files\Java\jdk-17\bin\java.exe
0x00007ffd5c9b0000 - 0x00007ffd5cbc6000 	C:\WINDOWS\SYSTEM32\ntdll.dll
0x00007ffd5b9b0000 - 0x00007ffd5ba74000 	C:\WINDOWS\System32\KERNEL32.DLL
0x00007ffd5a220000 - 0x00007ffd5a5c6000 	C:\WINDOWS\System32\KERNELBASE.dll
0x00007ffd5a5d0000 - 0x00007ffd5a6e1000 	C:\WINDOWS\System32\ucrtbase.dll
0x00007ffd17780000 - 0x00007ffd17799000 	C:\Program Files\Java\jdk-17\bin\jli.dll
0x00007ffd5b4e0000 - 0x00007ffd5b592000 	C:\WINDOWS\System32\ADVAPI32.dll
0x00007ffd5b320000 - 0x00007ffd5b3c7000 	C:\WINDOWS\System32\msvcrt.dll
0x00007ffd18510000 - 0x00007ffd1852b000 	C:\Program Files\Java\jdk-17\bin\VCRUNTIME140.dll
0x00007ffd5c070000 - 0x00007ffd5c118000 	C:\WINDOWS\System32\sechost.dll
0x00007ffd59fb0000 - 0x00007ffd59fd8000 	C:\WINDOWS\System32\bcrypt.dll
0x00007ffd5ba80000 - 0x00007ffd5bb95000 	C:\WINDOWS\System32\RPCRT4.dll
0x00007ffd5c7c0000 - 0x00007ffd5c96d000 	C:\WINDOWS\System32\USER32.dll
0x00007ffd48330000 - 0x00007ffd485c3000 	C:\WINDOWS\WinSxS\amd64_microsoft.windows.common-controls_6595b64144ccf1df_6.0.22621.3139_none_270f19e5738675cb\COMCTL32.dll
0x00007ffd59fe0000 - 0x00007ffd5a006000 	C:\WINDOWS\System32\win32u.dll
0x00007ffd5b740000 - 0x00007ffd5b769000 	C:\WINDOWS\System32\GDI32.dll
0x00007ffd59dd0000 - 0x00007ffd59ee8000 	C:\WINDOWS\System32\gdi32full.dll
0x00007ffd5a010000 - 0x00007ffd5a0aa000 	C:\WINDOWS\System32\msvcp_win.dll
0x00007ffd57810000 - 0x00007ffd5781a000 	C:\WINDOWS\SYSTEM32\VERSION.dll
0x00007ffd5b700000 - 0x00007ffd5b731000 	C:\WINDOWS\System32\IMM32.DLL
0x00007ffd34370000 - 0x00007ffd3437c000 	C:\Program Files\Java\jdk-17\bin\vcruntime140_1.dll
0x00007ffd0f3a0000 - 0x00007ffd0f42e000 	C:\Program Files\Java\jdk-17\bin\msvcp140.dll
0x00007ffcdd400000 - 0x00007ffcddfe1000 	C:\Program Files\Java\jdk-17\bin\server\jvm.dll
0x00007ffd5b3d0000 - 0x00007ffd5b3d8000 	C:\WINDOWS\System32\PSAPI.DLL
0x00007ffd32850000 - 0x00007ffd32859000 	C:\WINDOWS\SYSTEM32\WSOCK32.dll
0x00007ffd5b460000 - 0x00007ffd5b4d1000 	C:\WINDOWS\System32\WS2_32.dll
0x00007ffd523a0000 - 0x00007ffd523d4000 	C:\WINDOWS\SYSTEM32\WINMM.dll
0x00007ffd58ce0000 - 0x00007ffd58cf8000 	C:\WINDOWS\SYSTEM32\kernel.appcore.dll
0x00007ffd2e000000 - 0x00007ffd2e00a000 	C:\Program Files\Java\jdk-17\bin\jimage.dll
0x00007ffd4da60000 - 0x00007ffd4dc93000 	C:\WINDOWS\SYSTEM32\DBGHELP.DLL
0x00007ffd5bba0000 - 0x00007ffd5bf28000 	C:\WINDOWS\System32\combase.dll
0x00007ffd5b780000 - 0x00007ffd5b857000 	C:\WINDOWS\System32\OLEAUT32.dll
0x00007ffd40ec0000 - 0x00007ffd40ef2000 	C:\WINDOWS\SYSTEM32\dbgcore.DLL
0x00007ffd59d50000 - 0x00007ffd59dca000 	C:\WINDOWS\System32\bcryptPrimitives.dll
0x00007ffd574e0000 - 0x00007ffd574ee000 	C:\Program Files\Java\jdk-17\bin\instrument.dll
0x00007ffd11630000 - 0x00007ffd11655000 	C:\Program Files\Java\jdk-17\bin\java.dll
0x00007ffcde780000 - 0x00007ffcde857000 	C:\Program Files\Java\jdk-17\bin\jsvml.dll
0x00007ffd5a6f0000 - 0x00007ffd5af4d000 	C:\WINDOWS\System32\SHELL32.dll
0x00007ffd57bf0000 - 0x00007ffd584e8000 	C:\WINDOWS\SYSTEM32\windows.storage.dll
0x00007ffd57ab0000 - 0x00007ffd57bee000 	C:\WINDOWS\SYSTEM32\wintypes.dll
0x00007ffd5b5a0000 - 0x00007ffd5b695000 	C:\WINDOWS\System32\SHCORE.dll
0x00007ffd5b8f0000 - 0x00007ffd5b94e000 	C:\WINDOWS\System32\shlwapi.dll
0x00007ffd59c10000 - 0x00007ffd59c36000 	C:\WINDOWS\SYSTEM32\profapi.dll
0x00007ffd11270000 - 0x00007ffd11288000 	C:\Program Files\Java\jdk-17\bin\zip.dll
0x00007ffd13c50000 - 0x00007ffd13c69000 	C:\Program Files\Java\jdk-17\bin\net.dll
0x00007ffd52d50000 - 0x00007ffd52e87000 	C:\WINDOWS\SYSTEM32\WINHTTP.dll
0x00007ffd59150000 - 0x00007ffd591b9000 	C:\WINDOWS\system32\mswsock.dll
0x00007ffd13640000 - 0x00007ffd13656000 	C:\Program Files\Java\jdk-17\bin\nio.dll
0x00007ffd577a0000 - 0x00007ffd577b0000 	C:\Program Files\Java\jdk-17\bin\verify.dll
0x00007ffd48020000 - 0x00007ffd48047000 	C:\Users\Nghiem\.gradle\native\68d5fa5c4cc2d200863cafc0d521ce42e7d3e7ee720ec0a83991735586a16f82\windows-amd64\native-platform.dll
0x00007ffd1e9e0000 - 0x00007ffd1eb24000 	C:\Users\Nghiem\.gradle\native\e376f236ea51e6404a007f0833ffe2c6e607c4080706a723a18a27aeea778392\windows-amd64\native-platform-file-events.dll
0x00007ffd2a380000 - 0x00007ffd2a38a000 	C:\Program Files\Java\jdk-17\bin\management.dll
0x00007ffd2f7f0000 - 0x00007ffd2f7fb000 	C:\Program Files\Java\jdk-17\bin\management_ext.dll
0x00007ffd594a0000 - 0x00007ffd594bb000 	C:\WINDOWS\SYSTEM32\CRYPTSP.dll
0x00007ffd58c40000 - 0x00007ffd58c75000 	C:\WINDOWS\system32\rsaenh.dll
0x00007ffd591f0000 - 0x00007ffd5921c000 	C:\WINDOWS\SYSTEM32\USERENV.dll
0x00007ffd59480000 - 0x00007ffd5948c000 	C:\WINDOWS\SYSTEM32\CRYPTBASE.dll
0x00007ffd58790000 - 0x00007ffd587bd000 	C:\WINDOWS\SYSTEM32\IPHLPAPI.DLL
0x00007ffd5b770000 - 0x00007ffd5b779000 	C:\WINDOWS\System32\NSI.dll
0x00007ffd52b40000 - 0x00007ffd52b59000 	C:\WINDOWS\SYSTEM32\dhcpcsvc6.DLL
0x00007ffd52b00000 - 0x00007ffd52b1f000 	C:\WINDOWS\SYSTEM32\dhcpcsvc.DLL
0x00007ffd587c0000 - 0x00007ffd588b9000 	C:\WINDOWS\SYSTEM32\DNSAPI.dll
0x00007ffd359b0000 - 0x00007ffd359be000 	C:\Program Files\Java\jdk-17\bin\sunmscapi.dll
0x00007ffd5a0b0000 - 0x00007ffd5a216000 	C:\WINDOWS\System32\CRYPT32.dll
0x00007ffd595b0000 - 0x00007ffd595de000 	C:\WINDOWS\SYSTEM32\ncrypt.dll
0x00007ffd59570000 - 0x00007ffd595a7000 	C:\WINDOWS\SYSTEM32\NTASN1.dll
0x00007ffd306a0000 - 0x00007ffd306a8000 	C:\WINDOWS\system32\wshunix.dll
0x00007ffd34330000 - 0x00007ffd34347000 	C:\WINDOWS\system32\napinsp.dll
0x00007ffd324a0000 - 0x00007ffd324bb000 	C:\WINDOWS\system32\pnrpnsp.dll
0x00007ffd32480000 - 0x00007ffd32491000 	C:\WINDOWS\System32\winrnr.dll
0x00007ffd52680000 - 0x00007ffd52695000 	C:\WINDOWS\system32\wshbth.dll
0x00007ffd31b40000 - 0x00007ffd31b61000 	C:\WINDOWS\system32\nlansp_c.dll
0x00007ffd53470000 - 0x00007ffd5347a000 	C:\Windows\System32\rasadhlp.dll
0x00007ffd51970000 - 0x00007ffd519f3000 	C:\WINDOWS\System32\fwpuclnt.dll
0x00007ffd58d00000 - 0x00007ffd58d34000 	C:\WINDOWS\SYSTEM32\ntmarta.dll

dbghelp: loaded successfully - version: 4.0.5 - missing functions: none
symbol engine: initialized successfully - sym options: 0x614 - pdb path: .;C:\Program Files\Java\jdk-17\bin;C:\WINDOWS\SYSTEM32;C:\WINDOWS\WinSxS\amd64_microsoft.windows.common-controls_6595b64144ccf1df_6.0.22621.3139_none_270f19e5738675cb;C:\Program Files\Java\jdk-17\bin\server;C:\Users\Nghiem\.gradle\native\68d5fa5c4cc2d200863cafc0d521ce42e7d3e7ee720ec0a83991735586a16f82\windows-amd64;C:\Users\Nghiem\.gradle\native\e376f236ea51e6404a007f0833ffe2c6e607c4080706a723a18a27aeea778392\windows-amd64

VM Arguments:
jvm_args: -XX:MaxMetaspaceSize=512m --add-opens=java.base/java.util=ALL-UNNAMED --add-opens=java.base/java.lang=ALL-UNNAMED --add-opens=java.base/java.lang.invoke=ALL-UNNAMED --add-opens=java.prefs/java.util.prefs=ALL-UNNAMED --add-opens=java.base/java.nio.charset=ALL-UNNAMED --add-opens=java.base/java.net=ALL-UNNAMED --add-opens=java.base/java.util.concurrent.atomic=ALL-UNNAMED -Xmx2048m -Dfile.encoding=utf8 -Duser.country=VN -Duser.language=vi -Duser.variant -javaagent:C:\Users\Nghiem\.gradle\wrapper\dists\gradle-8.3-all\6en3ugtfdg5xnpx44z4qbwgas\gradle-8.3\lib\agents\gradle-instrumentation-agent-8.3.jar 
java_command: org.gradle.launcher.daemon.bootstrap.GradleDaemon 8.3
java_class_path (initial): C:\Users\Nghiem\.gradle\wrapper\dists\gradle-8.3-all\6en3ugtfdg5xnpx44z4qbwgas\gradle-8.3\lib\gradle-launcher-8.3.jar
Launcher Type: SUN_STANDARD

[Global flags]
     intx CICompilerCount                          = 4                                         {product} {ergonomic}
   size_t CompressedClassSpaceSize                 = 436207616                                 {product} {ergonomic}
     uint ConcGCThreads                            = 3                                         {product} {ergonomic}
     uint G1ConcRefinementThreads                  = 10                                        {product} {ergonomic}
   size_t G1HeapRegionSize                         = 1048576                                   {product} {ergonomic}
    uintx GCDrainStackTargetSize                   = 64                                        {product} {ergonomic}
   size_t InitialHeapSize                          = 257949696                                 {product} {ergonomic}
   size_t MarkStackSize                            = 4194304                                   {product} {ergonomic}
   size_t MaxHeapSize                              = 2147483648                                {product} {command line}
   size_t MaxMetaspaceSize                         = 536870912                                 {product} {command line}
   size_t MaxNewSize                               = 1287651328                                {product} {ergonomic}
   size_t MinHeapDeltaBytes                        = 1048576                                   {product} {ergonomic}
   size_t MinHeapSize                              = 8388608                                   {product} {ergonomic}
    uintx NonNMethodCodeHeapSize                   = 5839372                                {pd product} {ergonomic}
    uintx NonProfiledCodeHeapSize                  = 122909434                              {pd product} {ergonomic}
    uintx ProfiledCodeHeapSize                     = 122909434                              {pd product} {ergonomic}
    uintx ReservedCodeCacheSize                    = 251658240                              {pd product} {ergonomic}
     bool SegmentedCodeCache                       = true                                      {product} {ergonomic}
   size_t SoftMaxHeapSize                          = 2147483648                             {manageable} {ergonomic}
     bool UseCompressedClassPointers               = true                           {product lp64_product} {ergonomic}
     bool UseCompressedOops                        = true                           {product lp64_product} {ergonomic}
     bool UseG1GC                                  = true                                      {product} {ergonomic}
     bool UseLargePagesIndividualAllocation        = false                                  {pd product} {ergonomic}

Logging:
Log output configuration:
 #0: stdout all=warning uptime,level,tags
 #1: stderr all=off uptime,level,tags

Environment Variables:
JAVA_HOME=C:\Program Files\Java\jdk-17
PATH=D:\ReactNative\TrainingApp\Mobile\node_modules\.bin;D:\ReactNative\TrainingApp\node_modules\.bin;D:\ReactNative\node_modules\.bin;D:\node_modules\.bin;C:\Users\Nghiem\AppData\Roaming\npm\node_modules\npm\node_modules\@npmcli\run-script\lib\node-gyp-bin;D:\VMware\bin\;C:\Program Files\Common Files\Oracle\Java\javapath;C:\ProgramData\Oracle\Java\javapath;C:\Windows\system32;C:\Windows;C:\Windows\System32\Wbem;C:\Windows\System32\WindowsPowerShell\v1.0\;C:\Windows\System32\OpenSSH\;C:\ProgramData\ComposerSetup\bin;C:\laragon2.0\laragon\bin\php\php-8.0.30-Win32-vs16-x64;C:\Program Files\Java\jdk1.8.0_141\bin;C:\Program Files\NVIDIA Corporation\NVIDIA NvDLISR;C:\Program Files (x86)\NVIDIA Corporation\PhysX\Common;C:\Program Files\Microsoft SQL Server\Client SDK\ODBC\170\Tools\Binn\;C:\Program Files (x86)\Microsoft SQL Server\150\Tools\Binn\;C:\Program Files\Microsoft SQL Server\150\Tools\Binn\;C:\Program Files\Microsoft SQL Server\150\DTS\Binn\;C:\Program Files\Azure Data Studio\bin;C:\MinGW\bin;C:\WINDOWS\system32;C:\WINDOWS;C:\WINDOWS\System32\Wbem;C:\WINDOWS\System32\WindowsPowerShell\v1.0\;C:\WINDOWS\System32\OpenSSH\;C:\Program Files\MongoDB\Server\5.0\bin;C:\Program Files\MongoDB\Tools\100\bin;C:\Program Files\Docker\Docker\resources\bin;D:\puTTY\;C:\Program Files\Git\cmd;C:\Program Files\nodejs\;C:\Program Files\dotnet\;C:\Program Files (x86)\Microsoft SQL Server\160\DTS\Binn\;C:\laragon2.0\laragon\bin;C:\laragon2.0\laragon\bin\apache\httpd-2.4.54-win64-VS16\bin;C:\laragon2.0\laragon\bin\composer;C:\laragon2.0\laragon\bin\git\bin;C:\laragon2.0\laragon\bin\git\cmd;C:\laragon2.0\laragon\bin\git\mingw64\bin;C:\laragon2.0\laragon\bin\git\usr\bin;C:\laragon2.0\laragon\bin\laragon\utils;C:\laragon2.0\laragon\bin\mysql\mysql-8.0.30-winx64\bin;C:\laragon2.0\laragon\bin\nodejs\node-v18;C:\laragon2.0\laragon\bin\notepad++;C:\laragon2.0\laragon\bin\nginx\nginx-1.22.0;C:\laragon2.0\laragon\bin\ngrok;C:\laragon2.0\laragon\bin\python\python-3.10;C:\laragon2.0\laragon\bin\pyth
USERNAME=Nghiem
LANG=en_US.UTF-8
OS=Windows_NT
PROCESSOR_IDENTIFIER=AMD64 Family 25 Model 80 Stepping 0, AuthenticAMD



---------------  S Y S T E M  ---------------

OS:
 Windows 11 , 64 bit Build 22621 (10.0.22621.3350)
OS uptime: 1 days 16:47 hours
Hyper-V role detected

CPU: total 12 (initial active 12) (12 cores per cpu, 2 threads per core) family 25 model 80 stepping 0 microcode 0x0, cx8, cmov, fxsr, ht, mmx, 3dnowpref, sse, sse2, sse3, ssse3, sse4a, sse4.1, sse4.2, popcnt, lzcnt, tsc, tscinvbit, avx, avx2, aes, erms, clmul, bmi1, bmi2, adx, sha, fma, vzeroupper, clflush, clflushopt, hv

Memory: 4k page, system-wide physical 15724M (380M free)
TotalPageFile size 36204M (AvailPageFile size 18M)
current process WorkingSet (physical memory assigned to process): 354M, peak: 357M
current process commit charge ("private bytes"): 412M, peak: 428M

vm_info: Java HotSpot(TM) 64-Bit Server VM (17.0.9+11-LTS-201) for windows-amd64 JRE (17.0.9+11-LTS-201), built on Oct 10 2023 23:16:06 by "mach5one" with MS VC++ 17.1 (VS2022)

END.
